nohup: ignoring input
Better speed can be achieved with apex installed from https://www.github.com/nvidia/apex.

Get the following tags in trainset: ['O', 'B-disease', 'I-disease', 'B-protein', 'I-protein', 'B-gene', 'I-gene']

Parameter settings:
 Namespace(batch_size=8, finetuning=True, hidden_size=128, load_weights=False, logdir='/data/s2071932/BertNER/cbp00', lr=5e-05, n_epochs=40, rnn_layers=1, test_batch_size=16, testing=True, testset='/data/s2071932/General_data/cbp_gold_small_v2/0/no_long_cbp_gold_v2_test.bio', top_rnns=False, trainset='/data/s2071932/General_data/cbp_gold_small_v2/0/no_long_cbp_gold_v2_train.bio', validset='/data/s2071932/General_data/cbp_gold_small_v2/0/no_long_cbp_gold_v2_dev.bio', weight_decay=0.0, weights_path='')

=======================
Training started at Mon Dec  9 21:38:51 2019
=====sanity check======
words: [CLS] [ 0 1 4 9 ] 可 以 依 照 治 疗 组 合 中 使 用 的 标 准 药 学 实 践 配 制 曲 妥 珠 单 抗 - M C C - D M 1 和 帕 妥 珠 单 抗 。 药 物 组 合 物 分 别 包 含 与 一 种 或 多 种 药 学 可 接 受 载 体 、 助 流 剂 、 稀 释 剂 或 赋 形 剂 结 合 的 曲 妥 珠 单 抗 - M C C - D M 1 和 帕 妥 珠 单 抗 。 [SEP]
x: [ 101  138  121  122  125  130  140 1377  809  898 4212 3780 4545 5299
 1394  704  886 4500 4638 3403 1114 5790 2110 2141 6664 6981 1169 3289
 1980 4403 1296 2834  118  155  145  145  118  146  155  122 1469 2364
 1980 4403 1296 2834  511 5790 4289 5299 1394 4289 1146 1166 1259 1419
  680  671 4905 2772 1914 4905 5790 2110 1377 2970 1358 6770  860  510
 1221 3837 1177  510 4921 7025 1177 2772 6602 2501 1177 5310 1394 4638
 3289 1980 4403 1296 2834  118  155  145  145  118  146  155  122 1469
 2364 1980 4403 1296 2834  511  102]
tokens: ['[CLS]', '[', '0', '1', '4', '9', ']', '可', '以', '依', '照', '治', '疗', '组', '合', '中', '使', '用', '的', '标', '准', '药', '学', '实', '践', '配', '制', '曲', '妥', '珠', '单', '抗', '-', 'm', 'c', 'c', '-', 'd', 'm', '1', '和', '帕', '妥', '珠', '单', '抗', '。', '药', '物', '组', '合', '物', '分', '别', '包', '含', '与', '一', '种', '或', '多', '种', '药', '学', '可', '接', '受', '载', '体', '、', '助', '流', '剂', '、', '稀', '释', '剂', '或', '赋', '形', '剂', '结', '合', '的', '曲', '妥', '珠', '单', '抗', '-', 'm', 'c', 'c', '-', 'd', 'm', '1', '和', '帕', '妥', '珠', '单', '抗', '。', '[SEP]']
is_heads: [1, 1, 1, 1, 1, 1, 1, 1, 1, 1, 1, 1, 1, 1, 1, 1, 1, 1, 1, 1, 1, 1, 1, 1, 1, 1, 1, 1, 1, 1, 1, 1, 1, 1, 1, 1, 1, 1, 1, 1, 1, 1, 1, 1, 1, 1, 1, 1, 1, 1, 1, 1, 1, 1, 1, 1, 1, 1, 1, 1, 1, 1, 1, 1, 1, 1, 1, 1, 1, 1, 1, 1, 1, 1, 1, 1, 1, 1, 1, 1, 1, 1, 1, 1, 1, 1, 1, 1, 1, 1, 1, 1, 1, 1, 1, 1, 1, 1, 1, 1, 1, 1, 1, 1, 1]
y: [0 1 1 1 1 1 1 1 1 1 1 1 1 1 1 1 1 1 1 1 1 1 1 1 1 1 1 4 5 5 5 5 5 5 5 5 5
 5 5 5 1 4 5 5 5 5 1 1 1 1 1 1 1 1 1 1 1 1 1 1 1 1 1 1 1 1 1 1 1 1 1 1 1 1
 1 1 1 1 1 1 1 1 1 1 4 5 5 5 5 5 5 5 5 5 5 5 5 1 4 5 5 5 5 1 0]
tags: <PAD> O O O O O O O O O O O O O O O O O O O O O O O O O O B-protein I-protein I-protein I-protein I-protein I-protein I-protein I-protein I-protein I-protein I-protein I-protein I-protein O B-protein I-protein I-protein I-protein I-protein O O O O O O O O O O O O O O O O O O O O O O O O O O O O O O O O O O O O O O B-protein I-protein I-protein I-protein I-protein I-protein I-protein I-protein I-protein I-protein I-protein I-protein I-protein O B-protein I-protein I-protein I-protein I-protein O <PAD>
seqlen: 105
=======================
time: Mon Dec  9 21:38:52 2019, step: 0, loss: 2.2297587394714355
time: Mon Dec  9 21:39:48 2019, step: 100, loss: 0.4114437699317932
time: Mon Dec  9 21:40:44 2019, step: 200, loss: 0.25116971135139465
time: Mon Dec  9 21:41:40 2019, step: 300, loss: 0.22017377614974976
time: Mon Dec  9 21:42:35 2019, step: 400, loss: 0.25208863615989685
time: Mon Dec  9 21:43:34 2019, step: 500, loss: 0.05830259621143341
time: Mon Dec  9 21:44:29 2019, step: 600, loss: 0.1403190642595291
Finished 621 steps training at Mon Dec  9 21:44:41 2019

=========eval at epoch=1=========
Micro avg results:
total number of example:83001
total tp:255
total proposed (tp+fp):477
total positive (tp+fn):442
precision=0.5346
recall=0.5769
f1=0.5550
=======================
Training started at Mon Dec  9 21:44:54 2019
time: Mon Dec  9 21:44:55 2019, step: 0, loss: 0.03967631235718727
time: Mon Dec  9 21:45:55 2019, step: 100, loss: 0.11861979216337204
time: Mon Dec  9 21:46:55 2019, step: 200, loss: 0.10139374434947968
time: Mon Dec  9 21:47:51 2019, step: 300, loss: 0.08403503149747849
time: Mon Dec  9 21:48:49 2019, step: 400, loss: 0.041722897440195084
time: Mon Dec  9 21:49:45 2019, step: 500, loss: 0.014791375026106834
time: Mon Dec  9 21:50:44 2019, step: 600, loss: 0.047202982008457184
Finished 621 steps training at Mon Dec  9 21:50:56 2019

=========eval at epoch=2=========
Micro avg results:
total number of example:83001
total tp:264
total proposed (tp+fp):617
total positive (tp+fn):442
precision=0.4279
recall=0.5973
f1=0.4986
=======================
Training started at Mon Dec  9 21:51:09 2019
time: Mon Dec  9 21:51:10 2019, step: 0, loss: 0.003916680347174406
time: Mon Dec  9 21:52:08 2019, step: 100, loss: 0.02870086021721363
time: Mon Dec  9 21:53:05 2019, step: 200, loss: 0.03647337853908539
time: Mon Dec  9 21:54:01 2019, step: 300, loss: 0.11298436671495438
time: Mon Dec  9 21:54:58 2019, step: 400, loss: 0.24486711621284485
time: Mon Dec  9 21:55:56 2019, step: 500, loss: 0.021919207647442818
time: Mon Dec  9 21:56:53 2019, step: 600, loss: 0.0881907120347023
Finished 621 steps training at Mon Dec  9 21:57:05 2019

=========eval at epoch=3=========
Micro avg results:
total number of example:83001
total tp:284
total proposed (tp+fp):1010
total positive (tp+fn):442
precision=0.2812
recall=0.6425
f1=0.3912
=======================
Training started at Mon Dec  9 21:57:18 2019
time: Mon Dec  9 21:57:19 2019, step: 0, loss: 0.08004703372716904
time: Mon Dec  9 21:58:15 2019, step: 100, loss: 0.025500141084194183
time: Mon Dec  9 21:59:10 2019, step: 200, loss: 0.060675762593746185
time: Mon Dec  9 22:00:10 2019, step: 300, loss: 0.013886869885027409
time: Mon Dec  9 22:01:08 2019, step: 400, loss: 0.0987921729683876
time: Mon Dec  9 22:02:05 2019, step: 500, loss: 0.0020753093995153904
time: Mon Dec  9 22:03:04 2019, step: 600, loss: 0.009367488324642181
Finished 621 steps training at Mon Dec  9 22:03:17 2019

=========eval at epoch=4=========
Micro avg results:
total number of example:83001
total tp:284
total proposed (tp+fp):773
total positive (tp+fn):442
precision=0.3674
recall=0.6425
f1=0.4675
=======================
Training started at Mon Dec  9 22:03:30 2019
time: Mon Dec  9 22:03:31 2019, step: 0, loss: 0.09012094885110855
time: Mon Dec  9 22:04:30 2019, step: 100, loss: 0.027667393907904625
time: Mon Dec  9 22:05:28 2019, step: 200, loss: 0.06921592354774475
time: Mon Dec  9 22:06:23 2019, step: 300, loss: 0.06933864206075668
time: Mon Dec  9 22:07:18 2019, step: 400, loss: 0.012754999101161957
time: Mon Dec  9 22:08:16 2019, step: 500, loss: 0.008033248595893383
time: Mon Dec  9 22:09:15 2019, step: 600, loss: 0.012361307628452778
Finished 621 steps training at Mon Dec  9 22:09:27 2019

=========eval at epoch=5=========
Micro avg results:
total number of example:83001
total tp:264
total proposed (tp+fp):722
total positive (tp+fn):442
precision=0.3657
recall=0.5973
f1=0.4536
=======================
Training started at Mon Dec  9 22:09:40 2019
time: Mon Dec  9 22:09:41 2019, step: 0, loss: 8.699829777469859e-05
time: Mon Dec  9 22:10:36 2019, step: 100, loss: 0.058751314878463745
time: Mon Dec  9 22:11:37 2019, step: 200, loss: 0.0005834777257405221
time: Mon Dec  9 22:12:37 2019, step: 300, loss: 0.005439163185656071
time: Mon Dec  9 22:13:35 2019, step: 400, loss: 0.022721650078892708
time: Mon Dec  9 22:14:29 2019, step: 500, loss: 0.059253230690956116
time: Mon Dec  9 22:15:27 2019, step: 600, loss: 0.02037173882126808
Finished 621 steps training at Mon Dec  9 22:15:39 2019

=========eval at epoch=6=========
Micro avg results:
total number of example:83001
total tp:250
total proposed (tp+fp):827
total positive (tp+fn):442
precision=0.3023
recall=0.5656
f1=0.3940
=======================
Training started at Mon Dec  9 22:15:52 2019
time: Mon Dec  9 22:15:53 2019, step: 0, loss: 0.002458313712850213
time: Mon Dec  9 22:16:50 2019, step: 100, loss: 0.009228530339896679
time: Mon Dec  9 22:17:50 2019, step: 200, loss: 0.151600643992424
time: Mon Dec  9 22:18:48 2019, step: 300, loss: 0.02926294133067131
time: Mon Dec  9 22:19:45 2019, step: 400, loss: 0.004017475061118603
time: Mon Dec  9 22:20:43 2019, step: 500, loss: 0.040315765887498856
time: Mon Dec  9 22:21:39 2019, step: 600, loss: 0.0011302176862955093
Finished 621 steps training at Mon Dec  9 22:21:51 2019

=========eval at epoch=7=========
Micro avg results:
total number of example:83001
total tp:275
total proposed (tp+fp):1359
total positive (tp+fn):442
precision=0.2024
recall=0.6222
f1=0.3054
=======================
Training started at Mon Dec  9 22:22:04 2019
time: Mon Dec  9 22:22:05 2019, step: 0, loss: 0.014810202643275261
time: Mon Dec  9 22:23:00 2019, step: 100, loss: 0.2969091236591339
time: Mon Dec  9 22:23:59 2019, step: 200, loss: 0.0018651328282430768
time: Mon Dec  9 22:24:58 2019, step: 300, loss: 0.004661697894334793
time: Mon Dec  9 22:25:55 2019, step: 400, loss: 0.01764892041683197
time: Mon Dec  9 22:26:53 2019, step: 500, loss: 0.021876923739910126
time: Mon Dec  9 22:27:50 2019, step: 600, loss: 0.0034572717268019915
Finished 621 steps training at Mon Dec  9 22:28:03 2019

=========eval at epoch=8=========
Micro avg results:
total number of example:83001
total tp:280
total proposed (tp+fp):781
total positive (tp+fn):442
precision=0.3585
recall=0.6335
f1=0.4579
=======================
Training started at Mon Dec  9 22:28:16 2019
time: Mon Dec  9 22:28:17 2019, step: 0, loss: 0.014970888383686543
time: Mon Dec  9 22:29:16 2019, step: 100, loss: 0.044991590082645416
time: Mon Dec  9 22:30:14 2019, step: 200, loss: 0.004077638033777475
time: Mon Dec  9 22:31:10 2019, step: 300, loss: 0.0013662382261827588
time: Mon Dec  9 22:32:08 2019, step: 400, loss: 0.032757192850112915
time: Mon Dec  9 22:33:08 2019, step: 500, loss: 0.0208971556276083
time: Mon Dec  9 22:34:08 2019, step: 600, loss: 0.27614501118659973
Finished 621 steps training at Mon Dec  9 22:34:20 2019

=========eval at epoch=9=========
Micro avg results:
total number of example:83001
total tp:268
total proposed (tp+fp):625
total positive (tp+fn):442
precision=0.4288
recall=0.6063
f1=0.5023
=======================
Training started at Mon Dec  9 22:34:33 2019
time: Mon Dec  9 22:34:34 2019, step: 0, loss: 0.023573298007249832
time: Mon Dec  9 22:35:31 2019, step: 100, loss: 0.036986544728279114
time: Mon Dec  9 22:36:32 2019, step: 200, loss: 0.007871342822909355
time: Mon Dec  9 22:37:22 2019, step: 300, loss: 0.0015700646908953786
time: Mon Dec  9 22:38:19 2019, step: 400, loss: 0.006364467088133097
time: Mon Dec  9 22:39:16 2019, step: 500, loss: 0.1643560826778412
time: Mon Dec  9 22:40:16 2019, step: 600, loss: 0.06821532547473907
Finished 621 steps training at Mon Dec  9 22:40:28 2019

=========eval at epoch=10=========
Micro avg results:
total number of example:83001
total tp:267
total proposed (tp+fp):711
total positive (tp+fn):442
precision=0.3755
recall=0.6041
f1=0.4631
=======================
Training started at Mon Dec  9 22:40:42 2019
time: Mon Dec  9 22:40:42 2019, step: 0, loss: 0.027654867619276047
time: Mon Dec  9 22:41:40 2019, step: 100, loss: 0.007025968283414841
time: Mon Dec  9 22:42:40 2019, step: 200, loss: 0.0047152079641819
time: Mon Dec  9 22:43:38 2019, step: 300, loss: 0.008142834529280663
time: Mon Dec  9 22:44:34 2019, step: 400, loss: 0.039886634796857834
time: Mon Dec  9 22:45:31 2019, step: 500, loss: 0.06139552965760231
time: Mon Dec  9 22:46:28 2019, step: 600, loss: 0.00447591720148921
Finished 621 steps training at Mon Dec  9 22:46:40 2019

=========eval at epoch=11=========
Micro avg results:
total number of example:83001
total tp:269
total proposed (tp+fp):515
total positive (tp+fn):442
precision=0.5223
recall=0.6086
f1=0.5622
=======================
Training started at Mon Dec  9 22:46:53 2019
time: Mon Dec  9 22:46:54 2019, step: 0, loss: 0.006852247752249241
time: Mon Dec  9 22:47:50 2019, step: 100, loss: 0.0003577109600882977
time: Mon Dec  9 22:48:51 2019, step: 200, loss: 0.008879193104803562
time: Mon Dec  9 22:49:48 2019, step: 300, loss: 0.0002721862983889878
time: Mon Dec  9 22:50:49 2019, step: 400, loss: 0.015398162417113781
time: Mon Dec  9 22:51:44 2019, step: 500, loss: 0.03224674612283707
time: Mon Dec  9 22:52:40 2019, step: 600, loss: 0.000723270932212472
Finished 621 steps training at Mon Dec  9 22:52:52 2019

=========eval at epoch=12=========
Micro avg results:
total number of example:83001
total tp:303
total proposed (tp+fp):879
total positive (tp+fn):442
precision=0.3447
recall=0.6855
f1=0.4587
=======================
Training started at Mon Dec  9 22:53:05 2019
time: Mon Dec  9 22:53:06 2019, step: 0, loss: 0.011258172802627087
time: Mon Dec  9 22:54:06 2019, step: 100, loss: 0.05893053859472275
time: Mon Dec  9 22:55:02 2019, step: 200, loss: 0.0028198130894452333
time: Mon Dec  9 22:55:57 2019, step: 300, loss: 0.003485014894977212
time: Mon Dec  9 22:56:51 2019, step: 400, loss: 0.02106446586549282
time: Mon Dec  9 22:57:50 2019, step: 500, loss: 0.017897937446832657
time: Mon Dec  9 22:58:47 2019, step: 600, loss: 0.12209727615118027
Finished 621 steps training at Mon Dec  9 22:58:59 2019

=========eval at epoch=13=========
Micro avg results:
total number of example:83001
total tp:277
total proposed (tp+fp):600
total positive (tp+fn):442
precision=0.4617
recall=0.6267
f1=0.5317
=======================
Training started at Mon Dec  9 22:59:12 2019
time: Mon Dec  9 22:59:13 2019, step: 0, loss: 0.015868807211518288
time: Mon Dec  9 23:00:09 2019, step: 100, loss: 0.000268588395556435
time: Mon Dec  9 23:01:04 2019, step: 200, loss: 0.01348585169762373
time: Mon Dec  9 23:02:00 2019, step: 300, loss: 4.959734724252485e-05
time: Mon Dec  9 23:02:58 2019, step: 400, loss: 0.012618118897080421
time: Mon Dec  9 23:03:55 2019, step: 500, loss: 0.00013170740567147732
time: Mon Dec  9 23:04:52 2019, step: 600, loss: 0.0024777099024504423
Finished 621 steps training at Mon Dec  9 23:05:03 2019

=========eval at epoch=14=========
Micro avg results:
total number of example:83001
total tp:296
total proposed (tp+fp):955
total positive (tp+fn):442
precision=0.3099
recall=0.6697
f1=0.4238
=======================
Training started at Mon Dec  9 23:05:17 2019
time: Mon Dec  9 23:05:18 2019, step: 0, loss: 0.003403153270483017
time: Mon Dec  9 23:06:15 2019, step: 100, loss: 0.014716723933815956
time: Mon Dec  9 23:07:13 2019, step: 200, loss: 0.045261200517416
time: Mon Dec  9 23:08:10 2019, step: 300, loss: 0.008928875438869
time: Mon Dec  9 23:09:09 2019, step: 400, loss: 0.0018605540972203016
time: Mon Dec  9 23:10:09 2019, step: 500, loss: 0.002437633229419589
time: Mon Dec  9 23:11:06 2019, step: 600, loss: 0.0002269131364300847
Finished 621 steps training at Mon Dec  9 23:11:17 2019

=========eval at epoch=15=========
Micro avg results:
total number of example:83001
total tp:305
total proposed (tp+fp):839
total positive (tp+fn):442
precision=0.3635
recall=0.6900
f1=0.4762
=======================
Training started at Mon Dec  9 23:11:30 2019
time: Mon Dec  9 23:11:31 2019, step: 0, loss: 0.0009603426442481577
time: Mon Dec  9 23:12:31 2019, step: 100, loss: 0.0022862590849399567
time: Mon Dec  9 23:13:24 2019, step: 200, loss: 0.008294801227748394
time: Mon Dec  9 23:14:23 2019, step: 300, loss: 0.005158149171620607
time: Mon Dec  9 23:15:21 2019, step: 400, loss: 0.0013592246687039733
time: Mon Dec  9 23:16:20 2019, step: 500, loss: 0.06717222929000854
time: Mon Dec  9 23:17:14 2019, step: 600, loss: 0.005061752628535032
Finished 621 steps training at Mon Dec  9 23:17:27 2019

=========eval at epoch=16=========
Micro avg results:
total number of example:83001
total tp:290
total proposed (tp+fp):837
total positive (tp+fn):442
precision=0.3465
recall=0.6561
f1=0.4535
=======================
Training started at Mon Dec  9 23:17:40 2019
time: Mon Dec  9 23:17:40 2019, step: 0, loss: 0.0043332683853805065
time: Mon Dec  9 23:18:39 2019, step: 100, loss: 0.001212762319482863
time: Mon Dec  9 23:19:37 2019, step: 200, loss: 2.74897047347622e-05
time: Mon Dec  9 23:20:33 2019, step: 300, loss: 0.020182160660624504
time: Mon Dec  9 23:21:31 2019, step: 400, loss: 0.0005923910066485405
time: Mon Dec  9 23:22:30 2019, step: 500, loss: 0.003947689663618803
time: Mon Dec  9 23:23:24 2019, step: 600, loss: 0.013224601745605469
Finished 621 steps training at Mon Dec  9 23:23:37 2019

=========eval at epoch=17=========
Micro avg results:
total number of example:83001
total tp:233
total proposed (tp+fp):358
total positive (tp+fn):442
precision=0.6508
recall=0.5271
f1=0.5825
=======================
Training started at Mon Dec  9 23:23:50 2019
time: Mon Dec  9 23:23:51 2019, step: 0, loss: 0.013164487667381763
time: Mon Dec  9 23:24:45 2019, step: 100, loss: 0.000460869719972834
time: Mon Dec  9 23:25:43 2019, step: 200, loss: 0.0011100394185632467
time: Mon Dec  9 23:26:41 2019, step: 300, loss: 0.001538738259114325
time: Mon Dec  9 23:27:36 2019, step: 400, loss: 0.000903941981960088
time: Mon Dec  9 23:28:36 2019, step: 500, loss: 7.609288877574727e-05
time: Mon Dec  9 23:29:35 2019, step: 600, loss: 0.0062891156412661076
Finished 621 steps training at Mon Dec  9 23:29:47 2019

=========eval at epoch=18=========
Micro avg results:
total number of example:83001
total tp:318
total proposed (tp+fp):836
total positive (tp+fn):442
precision=0.3804
recall=0.7195
f1=0.4977
=======================
Training started at Mon Dec  9 23:30:01 2019
time: Mon Dec  9 23:30:01 2019, step: 0, loss: 0.0018099460285156965
time: Mon Dec  9 23:31:00 2019, step: 100, loss: 0.0004233303770888597
time: Mon Dec  9 23:31:57 2019, step: 200, loss: 0.01599927991628647
time: Mon Dec  9 23:32:52 2019, step: 300, loss: 0.0006589959375560284
time: Mon Dec  9 23:33:49 2019, step: 400, loss: 3.185044988640584e-05
time: Mon Dec  9 23:34:52 2019, step: 500, loss: 0.00016883050557225943
time: Mon Dec  9 23:35:49 2019, step: 600, loss: 0.03986140340566635
Finished 621 steps training at Mon Dec  9 23:36:00 2019

=========eval at epoch=19=========
Micro avg results:
total number of example:83001
total tp:276
total proposed (tp+fp):790
total positive (tp+fn):442
precision=0.3494
recall=0.6244
f1=0.4481
=======================
Training started at Mon Dec  9 23:36:14 2019
time: Mon Dec  9 23:36:15 2019, step: 0, loss: 0.0022733956575393677
time: Mon Dec  9 23:37:14 2019, step: 100, loss: 0.023889873176813126
time: Mon Dec  9 23:38:13 2019, step: 200, loss: 0.0021761897951364517
time: Mon Dec  9 23:39:08 2019, step: 300, loss: 0.05437362566590309
time: Mon Dec  9 23:40:08 2019, step: 400, loss: 0.021107755601406097
time: Mon Dec  9 23:41:04 2019, step: 500, loss: 0.0019550786819308996
time: Mon Dec  9 23:42:01 2019, step: 600, loss: 0.05911708623170853
Finished 621 steps training at Mon Dec  9 23:42:13 2019

=========eval at epoch=20=========
Micro avg results:
total number of example:83001
total tp:262
total proposed (tp+fp):664
total positive (tp+fn):442
precision=0.3946
recall=0.5928
f1=0.4738
weights were saved to /data/s2071932/BertNER/cbp00/temp20.pt
=======================
Training started at Mon Dec  9 23:42:27 2019
time: Mon Dec  9 23:42:27 2019, step: 0, loss: 0.04398149996995926
time: Mon Dec  9 23:43:25 2019, step: 100, loss: 0.0004428967949934304
time: Mon Dec  9 23:44:22 2019, step: 200, loss: 0.0003394813684280962
time: Mon Dec  9 23:45:18 2019, step: 300, loss: 0.007537808734923601
time: Mon Dec  9 23:46:18 2019, step: 400, loss: 0.0055979955941438675
time: Mon Dec  9 23:47:20 2019, step: 500, loss: 0.006550636142492294
time: Mon Dec  9 23:48:15 2019, step: 600, loss: 0.014780900441110134
Finished 621 steps training at Mon Dec  9 23:48:25 2019

=========eval at epoch=21=========
Micro avg results:
total number of example:83001
total tp:197
total proposed (tp+fp):415
total positive (tp+fn):442
precision=0.4747
recall=0.4457
f1=0.4597
=======================
Training started at Mon Dec  9 23:48:38 2019
time: Mon Dec  9 23:48:39 2019, step: 0, loss: 0.001310214283876121
time: Mon Dec  9 23:49:37 2019, step: 100, loss: 0.00043485171045176685
time: Mon Dec  9 23:50:32 2019, step: 200, loss: 0.002057772595435381
time: Mon Dec  9 23:51:32 2019, step: 300, loss: 0.0017105876468122005
time: Mon Dec  9 23:52:29 2019, step: 400, loss: 0.04584662988781929
time: Mon Dec  9 23:53:27 2019, step: 500, loss: 0.023014318197965622
time: Mon Dec  9 23:54:24 2019, step: 600, loss: 0.003994095604866743
Finished 621 steps training at Mon Dec  9 23:54:35 2019

=========eval at epoch=22=========
Micro avg results:
total number of example:83001
total tp:211
total proposed (tp+fp):465
total positive (tp+fn):442
precision=0.4538
recall=0.4774
f1=0.4653
=======================
Training started at Mon Dec  9 23:54:48 2019
time: Mon Dec  9 23:54:49 2019, step: 0, loss: 0.027548106387257576
time: Mon Dec  9 23:55:47 2019, step: 100, loss: 0.0020241178572177887
time: Mon Dec  9 23:56:44 2019, step: 200, loss: 0.02113027684390545
time: Mon Dec  9 23:57:43 2019, step: 300, loss: 0.01699238456785679
time: Mon Dec  9 23:58:43 2019, step: 400, loss: 0.0007988308207131922
time: Mon Dec  9 23:59:39 2019, step: 500, loss: 0.007198011036962271
time: Tue Dec 10 00:00:37 2019, step: 600, loss: 0.0012202973011881113
Finished 621 steps training at Tue Dec 10 00:00:49 2019

=========eval at epoch=23=========
Micro avg results:
total number of example:83001
total tp:265
total proposed (tp+fp):643
total positive (tp+fn):442
precision=0.4121
recall=0.5995
f1=0.4885
=======================
Training started at Tue Dec 10 00:01:03 2019
time: Tue Dec 10 00:01:03 2019, step: 0, loss: 0.014914563857018948
time: Tue Dec 10 00:02:02 2019, step: 100, loss: 0.0003551202535163611
time: Tue Dec 10 00:03:01 2019, step: 200, loss: 0.0007122561801224947
time: Tue Dec 10 00:03:58 2019, step: 300, loss: 0.00025645853020250797
time: Tue Dec 10 00:04:55 2019, step: 400, loss: 0.0978207215666771
time: Tue Dec 10 00:05:53 2019, step: 500, loss: 0.00034724207944236696
time: Tue Dec 10 00:06:47 2019, step: 600, loss: 0.0034169983118772507
Finished 621 steps training at Tue Dec 10 00:06:58 2019

=========eval at epoch=24=========
Micro avg results:
total number of example:83001
total tp:241
total proposed (tp+fp):875
total positive (tp+fn):442
precision=0.2754
recall=0.5452
f1=0.3660
=======================
Training started at Tue Dec 10 00:07:11 2019
time: Tue Dec 10 00:07:12 2019, step: 0, loss: 0.00020746912923641503
time: Tue Dec 10 00:08:11 2019, step: 100, loss: 0.0048626381903886795
time: Tue Dec 10 00:09:09 2019, step: 200, loss: 0.0008500671829096973
time: Tue Dec 10 00:10:05 2019, step: 300, loss: 0.0011758970795199275
time: Tue Dec 10 00:11:03 2019, step: 400, loss: 0.00031455224961973727
time: Tue Dec 10 00:12:00 2019, step: 500, loss: 0.00010650976037140936
time: Tue Dec 10 00:12:57 2019, step: 600, loss: 0.004349681548774242
Finished 621 steps training at Tue Dec 10 00:13:09 2019

=========eval at epoch=25=========
Micro avg results:
total number of example:83001
total tp:208
total proposed (tp+fp):451
total positive (tp+fn):442
precision=0.4612
recall=0.4706
f1=0.4658
=======================
Training started at Tue Dec 10 00:13:22 2019
time: Tue Dec 10 00:13:23 2019, step: 0, loss: 0.00043648481369018555
time: Tue Dec 10 00:14:19 2019, step: 100, loss: 0.08861158788204193
time: Tue Dec 10 00:15:15 2019, step: 200, loss: 0.0208135973662138
time: Tue Dec 10 00:16:16 2019, step: 300, loss: 0.007801727391779423
time: Tue Dec 10 00:17:12 2019, step: 400, loss: 0.015837781131267548
time: Tue Dec 10 00:18:09 2019, step: 500, loss: 0.0015051212394610047
time: Tue Dec 10 00:19:07 2019, step: 600, loss: 0.03082023747265339
Finished 621 steps training at Tue Dec 10 00:19:18 2019

=========eval at epoch=26=========
Micro avg results:
total number of example:83001
total tp:260
total proposed (tp+fp):875
total positive (tp+fn):442
precision=0.2971
recall=0.5882
f1=0.3948
=======================
Training started at Tue Dec 10 00:19:31 2019
time: Tue Dec 10 00:19:31 2019, step: 0, loss: 0.00034177672932855785
time: Tue Dec 10 00:20:27 2019, step: 100, loss: 0.0074728731997311115
time: Tue Dec 10 00:21:26 2019, step: 200, loss: 0.018487615510821342
time: Tue Dec 10 00:22:23 2019, step: 300, loss: 0.003454311517998576
time: Tue Dec 10 00:23:20 2019, step: 400, loss: 0.0003822545986622572
time: Tue Dec 10 00:24:14 2019, step: 500, loss: 0.0010017830645665526
time: Tue Dec 10 00:25:11 2019, step: 600, loss: 0.07305930554866791
Finished 621 steps training at Tue Dec 10 00:25:22 2019

=========eval at epoch=27=========
Micro avg results:
total number of example:83001
total tp:194
total proposed (tp+fp):465
total positive (tp+fn):442
precision=0.4172
recall=0.4389
f1=0.4278
=======================
Training started at Tue Dec 10 00:25:35 2019
time: Tue Dec 10 00:25:36 2019, step: 0, loss: 0.017484916374087334
time: Tue Dec 10 00:26:33 2019, step: 100, loss: 0.005659542977809906
time: Tue Dec 10 00:27:32 2019, step: 200, loss: 0.00015888539201114327
time: Tue Dec 10 00:28:32 2019, step: 300, loss: 0.0004049112321808934
time: Tue Dec 10 00:29:27 2019, step: 400, loss: 0.00042190318345092237
time: Tue Dec 10 00:30:23 2019, step: 500, loss: 0.0015404942678287625
time: Tue Dec 10 00:31:20 2019, step: 600, loss: 0.004308465868234634
Finished 621 steps training at Tue Dec 10 00:31:31 2019

=========eval at epoch=28=========
Micro avg results:
total number of example:83001
total tp:294
total proposed (tp+fp):864
total positive (tp+fn):442
precision=0.3403
recall=0.6652
f1=0.4502
=======================
Training started at Tue Dec 10 00:31:44 2019
time: Tue Dec 10 00:31:45 2019, step: 0, loss: 0.0029343480709940195
time: Tue Dec 10 00:32:43 2019, step: 100, loss: 0.0008222035830840468
time: Tue Dec 10 00:33:39 2019, step: 200, loss: 0.01304104458540678
time: Tue Dec 10 00:34:37 2019, step: 300, loss: 0.0016373790567740798
time: Tue Dec 10 00:35:35 2019, step: 400, loss: 5.64967340324074e-05
time: Tue Dec 10 00:36:33 2019, step: 500, loss: 8.919974061427638e-05
time: Tue Dec 10 00:37:32 2019, step: 600, loss: 0.01182597503066063
Finished 621 steps training at Tue Dec 10 00:37:44 2019

=========eval at epoch=29=========
Micro avg results:
total number of example:83001
total tp:270
total proposed (tp+fp):1434
total positive (tp+fn):442
precision=0.1883
recall=0.6109
f1=0.2878
=======================
Training started at Tue Dec 10 00:37:58 2019
time: Tue Dec 10 00:37:59 2019, step: 0, loss: 0.03464079275727272
time: Tue Dec 10 00:38:55 2019, step: 100, loss: 0.0005746382521465421
time: Tue Dec 10 00:39:53 2019, step: 200, loss: 0.000833352911286056
time: Tue Dec 10 00:40:53 2019, step: 300, loss: 0.005928081460297108
time: Tue Dec 10 00:41:51 2019, step: 400, loss: 0.014974761754274368
time: Tue Dec 10 00:42:48 2019, step: 500, loss: 0.0004316541599109769
time: Tue Dec 10 00:43:45 2019, step: 600, loss: 0.024855785071849823
Finished 621 steps training at Tue Dec 10 00:43:57 2019

=========eval at epoch=30=========
Micro avg results:
total number of example:83001
total tp:230
total proposed (tp+fp):967
total positive (tp+fn):442
precision=0.2378
recall=0.5204
f1=0.3265
=======================
Training started at Tue Dec 10 00:44:10 2019
time: Tue Dec 10 00:44:11 2019, step: 0, loss: 0.0010893160942941904
time: Tue Dec 10 00:45:07 2019, step: 100, loss: 0.02861114777624607
time: Tue Dec 10 00:46:04 2019, step: 200, loss: 0.003212034236639738
time: Tue Dec 10 00:47:04 2019, step: 300, loss: 6.724983541062102e-05
time: Tue Dec 10 00:48:01 2019, step: 400, loss: 0.007513815071433783
time: Tue Dec 10 00:48:58 2019, step: 500, loss: 0.010601488873362541
time: Tue Dec 10 00:49:52 2019, step: 600, loss: 0.00031135589233599603
Finished 621 steps training at Tue Dec 10 00:50:04 2019

=========eval at epoch=31=========
Micro avg results:
total number of example:83001
total tp:219
total proposed (tp+fp):488
total positive (tp+fn):442
precision=0.4488
recall=0.4955
f1=0.4710
=======================
Training started at Tue Dec 10 00:50:17 2019
time: Tue Dec 10 00:50:18 2019, step: 0, loss: 0.008021282963454723
time: Tue Dec 10 00:51:15 2019, step: 100, loss: 8.059896936174482e-05
time: Tue Dec 10 00:52:13 2019, step: 200, loss: 0.0017195004038512707
time: Tue Dec 10 00:53:09 2019, step: 300, loss: 0.00029336518491618335
time: Tue Dec 10 00:54:10 2019, step: 400, loss: 0.0001729541108943522
time: Tue Dec 10 00:55:07 2019, step: 500, loss: 0.010459727607667446
time: Tue Dec 10 00:55:58 2019, step: 600, loss: 0.007399462629109621
Finished 621 steps training at Tue Dec 10 00:56:11 2019

=========eval at epoch=32=========
Micro avg results:
total number of example:83001
total tp:229
total proposed (tp+fp):558
total positive (tp+fn):442
precision=0.4104
recall=0.5181
f1=0.4580
=======================
Training started at Tue Dec 10 00:56:25 2019
time: Tue Dec 10 00:56:25 2019, step: 0, loss: 0.0011565565364435315
time: Tue Dec 10 00:57:25 2019, step: 100, loss: 0.0021964875049889088
time: Tue Dec 10 00:58:23 2019, step: 200, loss: 0.004870881326496601
time: Tue Dec 10 00:59:20 2019, step: 300, loss: 7.687191828154027e-05
time: Tue Dec 10 01:00:18 2019, step: 400, loss: 0.00014449130685534328
time: Tue Dec 10 01:01:16 2019, step: 500, loss: 0.0063048359006643295
time: Tue Dec 10 01:02:13 2019, step: 600, loss: 0.00042944669257849455
Finished 621 steps training at Tue Dec 10 01:02:25 2019

=========eval at epoch=33=========
Micro avg results:
total number of example:83001
total tp:239
total proposed (tp+fp):655
total positive (tp+fn):442
precision=0.3649
recall=0.5407
f1=0.4357
=======================
Training started at Tue Dec 10 01:02:38 2019
time: Tue Dec 10 01:02:39 2019, step: 0, loss: 0.00021009048214182258
time: Tue Dec 10 01:03:35 2019, step: 100, loss: 4.7938206989783794e-05
time: Tue Dec 10 01:04:33 2019, step: 200, loss: 0.04169865697622299
time: Tue Dec 10 01:05:31 2019, step: 300, loss: 0.021822145208716393
time: Tue Dec 10 01:06:26 2019, step: 400, loss: 0.00037959933979436755
time: Tue Dec 10 01:07:24 2019, step: 500, loss: 0.003490590024739504
time: Tue Dec 10 01:08:25 2019, step: 600, loss: 0.017673922702670097
Finished 621 steps training at Tue Dec 10 01:08:36 2019

=========eval at epoch=34=========
Micro avg results:
total number of example:83001
total tp:255
total proposed (tp+fp):569
total positive (tp+fn):442
precision=0.4482
recall=0.5769
f1=0.5045
=======================
Training started at Tue Dec 10 01:08:49 2019
time: Tue Dec 10 01:08:50 2019, step: 0, loss: 0.009550522081553936
time: Tue Dec 10 01:09:47 2019, step: 100, loss: 0.0015078185824677348
time: Tue Dec 10 01:10:43 2019, step: 200, loss: 0.00035978478263132274
time: Tue Dec 10 01:11:40 2019, step: 300, loss: 0.0008973582298494875
time: Tue Dec 10 01:12:41 2019, step: 400, loss: 2.8137541448813863e-05
time: Tue Dec 10 01:13:37 2019, step: 500, loss: 0.0003001921868417412
time: Tue Dec 10 01:14:31 2019, step: 600, loss: 0.005533848889172077
Finished 621 steps training at Tue Dec 10 01:14:42 2019

=========eval at epoch=35=========
Micro avg results:
total number of example:83001
total tp:283
total proposed (tp+fp):561
total positive (tp+fn):442
precision=0.5045
recall=0.6403
f1=0.5643
=======================
Training started at Tue Dec 10 01:14:55 2019
time: Tue Dec 10 01:14:56 2019, step: 0, loss: 0.00016717929975129664
time: Tue Dec 10 01:15:55 2019, step: 100, loss: 0.05792217329144478
time: Tue Dec 10 01:16:52 2019, step: 200, loss: 3.800496051553637e-05
time: Tue Dec 10 01:17:50 2019, step: 300, loss: 6.739245145581663e-05
time: Tue Dec 10 01:18:49 2019, step: 400, loss: 0.003911385778337717
time: Tue Dec 10 01:19:43 2019, step: 500, loss: 0.0003375892119947821
time: Tue Dec 10 01:20:40 2019, step: 600, loss: 0.010836886242032051
Finished 621 steps training at Tue Dec 10 01:20:51 2019

=========eval at epoch=36=========
Micro avg results:
total number of example:83001
total tp:235
total proposed (tp+fp):407
total positive (tp+fn):442
precision=0.5774
recall=0.5317
f1=0.5536
=======================
Training started at Tue Dec 10 01:21:04 2019
time: Tue Dec 10 01:21:05 2019, step: 0, loss: 0.008364054374396801
time: Tue Dec 10 01:22:02 2019, step: 100, loss: 0.0001079091161955148
time: Tue Dec 10 01:23:02 2019, step: 200, loss: 3.3958523999899626e-05
time: Tue Dec 10 01:24:01 2019, step: 300, loss: 0.0015497100539505482
time: Tue Dec 10 01:25:00 2019, step: 400, loss: 0.024465415626764297
time: Tue Dec 10 01:25:56 2019, step: 500, loss: 2.2614243789575994e-05
time: Tue Dec 10 01:26:53 2019, step: 600, loss: 0.000666069274302572
Finished 621 steps training at Tue Dec 10 01:27:05 2019

=========eval at epoch=37=========
Micro avg results:
total number of example:83001
total tp:220
total proposed (tp+fp):542
total positive (tp+fn):442
precision=0.4059
recall=0.4977
f1=0.4472
=======================
Training started at Tue Dec 10 01:27:18 2019
time: Tue Dec 10 01:27:18 2019, step: 0, loss: 0.00027019737171940506
time: Tue Dec 10 01:28:17 2019, step: 100, loss: 0.03225283697247505
time: Tue Dec 10 01:29:15 2019, step: 200, loss: 0.0011943196877837181
time: Tue Dec 10 01:30:14 2019, step: 300, loss: 0.05693028122186661
time: Tue Dec 10 01:31:10 2019, step: 400, loss: 3.8407841202570125e-05
time: Tue Dec 10 01:32:05 2019, step: 500, loss: 0.007617344614118338
time: Tue Dec 10 01:33:02 2019, step: 600, loss: 0.0053823781199753284
Finished 621 steps training at Tue Dec 10 01:33:12 2019

=========eval at epoch=38=========
Micro avg results:
total number of example:83001
total tp:254
total proposed (tp+fp):651
total positive (tp+fn):442
precision=0.3902
recall=0.5747
f1=0.4648
=======================
Training started at Tue Dec 10 01:33:26 2019
time: Tue Dec 10 01:33:27 2019, step: 0, loss: 0.005621431395411491
time: Tue Dec 10 01:34:22 2019, step: 100, loss: 0.013612835668027401
time: Tue Dec 10 01:35:19 2019, step: 200, loss: 0.0008323361980728805
time: Tue Dec 10 01:36:16 2019, step: 300, loss: 0.00014095530787017196
time: Tue Dec 10 01:37:14 2019, step: 400, loss: 0.00029385488596744835
time: Tue Dec 10 01:38:10 2019, step: 500, loss: 0.00820827204734087
time: Tue Dec 10 01:39:06 2019, step: 600, loss: 0.0014294617576524615
Finished 621 steps training at Tue Dec 10 01:39:19 2019

=========eval at epoch=39=========
Micro avg results:
total number of example:83001
total tp:260
total proposed (tp+fp):625
total positive (tp+fn):442
precision=0.4160
recall=0.5882
f1=0.4873
=======================
Training started at Tue Dec 10 01:39:32 2019
time: Tue Dec 10 01:39:33 2019, step: 0, loss: 0.008999213576316833
time: Tue Dec 10 01:40:29 2019, step: 100, loss: 0.06792588531970978
time: Tue Dec 10 01:41:28 2019, step: 200, loss: 0.00021402737183962017
time: Tue Dec 10 01:42:26 2019, step: 300, loss: 0.09022455662488937
time: Tue Dec 10 01:43:24 2019, step: 400, loss: 0.004408708307892084
time: Tue Dec 10 01:44:22 2019, step: 500, loss: 0.11236261576414108
time: Tue Dec 10 01:45:18 2019, step: 600, loss: 0.00042142823804169893
Finished 621 steps training at Tue Dec 10 01:45:29 2019

=========eval at epoch=40=========
Micro avg results:
total number of example:83001
total tp:305
total proposed (tp+fp):829
total positive (tp+fn):442
precision=0.3679
recall=0.6900
f1=0.4799
=========Testing on best model=========
             precision    recall  f1-score   support

       gene       0.62      0.52      0.57       121
    disease       0.60      0.82      0.69        73
    protein       0.16      1.00      0.27         3

avg / total       0.60      0.64      0.61       197

Micro avg results:
total number of example:20774
total tp:742
total proposed (tp+fp):931
total positive (tp+fn):1150
precision=0.7970
recall=0.6452
f1=0.7131
=======================

