nohup: ignoring input
Better speed can be achieved with apex installed from https://www.github.com/nvidia/apex.

Get the following tags in trainset: ['O', 'B-disease', 'I-disease', 'B-protein', 'I-protein', 'B-gene', 'I-gene']

Parameter settings:
 Namespace(batch_size=8, finetuning=True, hidden_size=128, load_weights=False, logdir='/data/s2071932/BertNER/cbp01', lr=5e-05, n_epochs=40, rnn_layers=1, test_batch_size=16, testing=True, testset='/local/s2071932/general_data/cbp_gold_small_v2/1/no_long_cbp_gold_v2_test.bio', top_rnns=False, trainset='/local/s2071932/general_data/cbp_gold_small_v2/1/no_long_cbp_gold_v2_train.bio', validset='/local/s2071932/general_data/cbp_gold_small_v2/1/no_long_cbp_gold_v2_dev.bio', weight_decay=0.0, weights_path='')

=======================
Training started at Sun Dec  8 20:32:03 2019
=====sanity check======
words: [CLS] 脂 质 体 、 清 蛋 白 微 球 体 、 微 乳 剂 、 纳 米 颗 粒 和 纳 米 胶 囊 ） 、 或 在 粗 滴 乳 状 液 中 。 此 类 技 术 披 露 于 R e m i n g t o n ' s - P h a r m a c e u t i c a l - S c i e n c e s 第 1 8 版 ， （ 1 9 9 5 ) M a c k - P u b l . C o . ， E a s t o n ， P A 。 药 物 配 制 剂 的 其 它 例 子 可 以 参 见 L i b e r m a n ， H . A . a n d - L a c h m a n ， L • 编 ， P h a r m a c e u t i c a l - D o s a g e - F o r m s , M a r c e l - D e c k e r , V o l - 3 , 2 n d - E d . ， N e w - Y o r k , N Y 〇 [SEP]
x: [ 101 5544 6574  860  510 3926 6028 4635 2544 4413  860  510 2544  745
 1177  510 5287 5101 7578 5108 1469 5287 5101 5540 1718 8021  510 2772
 1762 5110 4017  745 4307 3890  704  511 3634 5102 2825 3318 2847 7463
  754  160  147  155  151  156  149  162  157  156  112  161  118  158
  150  143  160  155  143  145  147  163  162  151  145  143  154  118
  161  145  151  147  156  145  147  161 5018  122  129 4276 8024 8020
  122  130  130  126  114  155  143  145  153  118  158  163  144  154
  119  145  157  119 8024  147  143  161  162  157  156 8024  158  143
  511 5790 4289 6981 1169 1177 4638 1071 2124  891 2094 1377  809 1346
 6224  154  151  144  147  160  155  143  156 8024  150  119  143  119
  143  156  146  118  154  143  145  150  155  143  156 8024  154  340
 5356 8024  158  150  143  160  155  143  145  147  163  162  151  145
  143  154  118  146  157  161  143  149  147  118  148  157  160  155
  161  117  155  143  160  145  147  154  118  146  147  145  153  147
  160  117  164  157  154  118  124  117  123  156  146  118  147  146
  119 8024  156  147  165  118  167  157  160  153  117  156  167  514
  102]
tokens: ['[CLS]', '脂', '质', '体', '、', '清', '蛋', '白', '微', '球', '体', '、', '微', '乳', '剂', '、', '纳', '米', '颗', '粒', '和', '纳', '米', '胶', '囊', '）', '、', '或', '在', '粗', '滴', '乳', '状', '液', '中', '。', '此', '类', '技', '术', '披', '露', '于', 'r', 'e', 'm', 'i', 'n', 'g', 't', 'o', 'n', "'", 's', '-', 'p', 'h', 'a', 'r', 'm', 'a', 'c', 'e', 'u', 't', 'i', 'c', 'a', 'l', '-', 's', 'c', 'i', 'e', 'n', 'c', 'e', 's', '第', '1', '8', '版', '，', '（', '1', '9', '9', '5', ')', 'm', 'a', 'c', 'k', '-', 'p', 'u', 'b', 'l', '.', 'c', 'o', '.', '，', 'e', 'a', 's', 't', 'o', 'n', '，', 'p', 'a', '。', '药', '物', '配', '制', '剂', '的', '其', '它', '例', '子', '可', '以', '参', '见', 'l', 'i', 'b', 'e', 'r', 'm', 'a', 'n', '，', 'h', '.', 'a', '.', 'a', 'n', 'd', '-', 'l', 'a', 'c', 'h', 'm', 'a', 'n', '，', 'l', '•', '编', '，', 'p', 'h', 'a', 'r', 'm', 'a', 'c', 'e', 'u', 't', 'i', 'c', 'a', 'l', '-', 'd', 'o', 's', 'a', 'g', 'e', '-', 'f', 'o', 'r', 'm', 's', ',', 'm', 'a', 'r', 'c', 'e', 'l', '-', 'd', 'e', 'c', 'k', 'e', 'r', ',', 'v', 'o', 'l', '-', '3', ',', '2', 'n', 'd', '-', 'e', 'd', '.', '，', 'n', 'e', 'w', '-', 'y', 'o', 'r', 'k', ',', 'n', 'y', '〇', '[SEP]']
is_heads: [1, 1, 1, 1, 1, 1, 1, 1, 1, 1, 1, 1, 1, 1, 1, 1, 1, 1, 1, 1, 1, 1, 1, 1, 1, 1, 1, 1, 1, 1, 1, 1, 1, 1, 1, 1, 1, 1, 1, 1, 1, 1, 1, 1, 1, 1, 1, 1, 1, 1, 1, 1, 1, 1, 1, 1, 1, 1, 1, 1, 1, 1, 1, 1, 1, 1, 1, 1, 1, 1, 1, 1, 1, 1, 1, 1, 1, 1, 1, 1, 1, 1, 1, 1, 1, 1, 1, 1, 1, 1, 1, 1, 1, 1, 1, 1, 1, 1, 1, 1, 1, 1, 1, 1, 1, 1, 1, 1, 1, 1, 1, 1, 1, 1, 1, 1, 1, 1, 1, 1, 1, 1, 1, 1, 1, 1, 1, 1, 1, 1, 1, 1, 1, 1, 1, 1, 1, 1, 1, 1, 1, 1, 1, 1, 1, 1, 1, 1, 1, 1, 1, 1, 1, 1, 1, 1, 1, 1, 1, 1, 1, 1, 1, 1, 1, 1, 1, 1, 1, 1, 1, 1, 1, 1, 1, 1, 1, 1, 1, 1, 1, 1, 1, 1, 1, 1, 1, 1, 1, 1, 1, 1, 1, 1, 1, 1, 1, 1, 1, 1, 1, 1, 1, 1, 1, 1, 1, 1, 1, 1, 1, 1, 1, 1, 1, 1, 1, 1, 1, 1, 1, 1, 1, 1, 1]
y: [0 1 1 1 1 1 1 1 1 1 1 1 1 1 1 1 1 1 1 1 1 1 1 1 1 1 1 1 1 1 1 1 1 1 1 1 1
 1 1 1 1 1 1 1 1 1 1 1 1 1 1 1 1 1 1 1 1 1 1 1 1 1 1 1 1 1 1 1 1 1 1 1 1 1
 1 1 1 1 1 1 1 1 1 1 1 1 1 1 1 1 1 1 1 1 1 1 1 1 1 1 1 1 1 1 1 1 1 1 1 1 1
 1 1 1 1 1 1 1 1 1 1 1 1 1 1 1 1 1 1 1 1 1 1 1 1 1 1 1 1 1 1 1 1 1 1 1 1 1
 1 1 1 1 1 1 1 1 1 1 1 1 1 1 1 1 1 1 1 1 1 1 1 1 1 1 1 1 1 1 1 1 1 1 1 1 1
 1 1 1 1 1 1 1 1 1 1 1 1 1 1 1 1 1 1 1 1 1 1 1 1 1 1 1 1 1 1 1 1 1 1 1 1 1
 1 1 0]
tags: <PAD> O O O O O O O O O O O O O O O O O O O O O O O O O O O O O O O O O O O O O O O O O O O O O O O O O O O O O O O O O O O O O O O O O O O O O O O O O O O O O O O O O O O O O O O O O O O O O O O O O O O O O O O O O O O O O O O O O O O O O O O O O O O O O O O O O O O O O O O O O O O O O O O O O O O O O O O O O O O O O O O O O O O O O O O O O O O O O O O O O O O O O O O O O O O O O O O O O O O O O O O O O O O O O O O O O O O O O O O O O O O O O O O <PAD>
seqlen: 225
=======================
time: Sun Dec  8 20:32:05 2019, step: 0, loss: 2.438603401184082
time: Sun Dec  8 20:34:08 2019, step: 100, loss: 0.6209668517112732
time: Sun Dec  8 20:36:18 2019, step: 200, loss: 0.06056639179587364
time: Sun Dec  8 20:38:18 2019, step: 300, loss: 0.0032275780104100704
time: Sun Dec  8 20:40:21 2019, step: 400, loss: 0.19729816913604736
time: Sun Dec  8 20:42:25 2019, step: 500, loss: 0.004157422576099634
Finished 571 steps training at Sun Dec  8 20:43:55 2019

=========eval at epoch=1=========
Micro avg results:
total number of example:129317
total tp:1547
total proposed (tp+fp):2198
total positive (tp+fn):9802
precision=0.7038
recall=0.1578
f1=0.2578
=======================
Training started at Sun Dec  8 20:44:34 2019
time: Sun Dec  8 20:44:35 2019, step: 0, loss: 0.02026146836578846
time: Sun Dec  8 20:46:41 2019, step: 100, loss: 0.04995856434106827
time: Sun Dec  8 20:48:47 2019, step: 200, loss: 0.00903778150677681
time: Sun Dec  8 20:50:49 2019, step: 300, loss: 0.024706609547138214
time: Sun Dec  8 20:52:53 2019, step: 400, loss: 0.012640339322388172
time: Sun Dec  8 20:54:58 2019, step: 500, loss: 0.023728542029857635
Finished 571 steps training at Sun Dec  8 20:56:29 2019

=========eval at epoch=2=========
Micro avg results:
total number of example:129317
total tp:2297
total proposed (tp+fp):4656
total positive (tp+fn):9802
precision=0.4933
recall=0.2343
f1=0.3177
=======================
Training started at Sun Dec  8 20:57:08 2019
time: Sun Dec  8 20:57:10 2019, step: 0, loss: 0.12097813934087753
time: Sun Dec  8 20:59:20 2019, step: 100, loss: 0.027935665100812912
time: Sun Dec  8 21:01:33 2019, step: 200, loss: 0.04413259029388428
time: Sun Dec  8 21:03:42 2019, step: 300, loss: 0.05383602902293205
time: Sun Dec  8 21:05:42 2019, step: 400, loss: 0.010981312952935696
time: Sun Dec  8 21:07:45 2019, step: 500, loss: 0.10357598960399628
Finished 571 steps training at Sun Dec  8 21:09:16 2019

=========eval at epoch=3=========
Micro avg results:
total number of example:129317
total tp:2784
total proposed (tp+fp):4446
total positive (tp+fn):9802
precision=0.6262
recall=0.2840
f1=0.3908
=======================
Training started at Sun Dec  8 21:09:54 2019
time: Sun Dec  8 21:09:56 2019, step: 0, loss: 0.09662162512540817
time: Sun Dec  8 21:11:59 2019, step: 100, loss: 0.062259491533041
time: Sun Dec  8 21:14:02 2019, step: 200, loss: 0.03446856141090393
time: Sun Dec  8 21:16:13 2019, step: 300, loss: 0.03223709762096405
time: Sun Dec  8 21:18:21 2019, step: 400, loss: 0.006268898490816355
time: Sun Dec  8 21:20:20 2019, step: 500, loss: 0.0005340917268767953
Finished 571 steps training at Sun Dec  8 21:21:52 2019

=========eval at epoch=4=========
Micro avg results:
total number of example:129317
total tp:3230
total proposed (tp+fp):4592
total positive (tp+fn):9802
precision=0.7034
recall=0.3295
f1=0.4488
=======================
Training started at Sun Dec  8 21:22:31 2019
time: Sun Dec  8 21:22:32 2019, step: 0, loss: 0.002450089668855071
time: Sun Dec  8 21:24:43 2019, step: 100, loss: 0.03034152276813984
time: Sun Dec  8 21:26:43 2019, step: 200, loss: 0.06155027449131012
time: Sun Dec  8 21:28:56 2019, step: 300, loss: 0.031817369163036346
time: Sun Dec  8 21:31:06 2019, step: 400, loss: 0.03894149512052536
time: Sun Dec  8 21:33:07 2019, step: 500, loss: 0.00046091858530417085
Finished 571 steps training at Sun Dec  8 21:34:38 2019

=========eval at epoch=5=========
Micro avg results:
total number of example:129317
total tp:3859
total proposed (tp+fp):7895
total positive (tp+fn):9802
precision=0.4888
recall=0.3937
f1=0.4361
=======================
Training started at Sun Dec  8 21:35:18 2019
time: Sun Dec  8 21:35:19 2019, step: 0, loss: 0.007496383972465992
time: Sun Dec  8 21:37:23 2019, step: 100, loss: 0.0009705745615065098
time: Sun Dec  8 21:39:31 2019, step: 200, loss: 0.03408337011933327
time: Sun Dec  8 21:41:30 2019, step: 300, loss: 0.00422818074002862
time: Sun Dec  8 21:43:35 2019, step: 400, loss: 0.017366619780659676
time: Sun Dec  8 21:45:38 2019, step: 500, loss: 0.12068445980548859
Finished 571 steps training at Sun Dec  8 21:47:01 2019

=========eval at epoch=6=========
Micro avg results:
total number of example:129317
total tp:3969
total proposed (tp+fp):6288
total positive (tp+fn):9802
precision=0.6312
recall=0.4049
f1=0.4933
=======================
Training started at Sun Dec  8 21:47:40 2019
time: Sun Dec  8 21:47:42 2019, step: 0, loss: 0.00045798433711752295
time: Sun Dec  8 21:49:43 2019, step: 100, loss: 0.08170882612466812
time: Sun Dec  8 21:51:49 2019, step: 200, loss: 0.04476780444383621
time: Sun Dec  8 21:53:53 2019, step: 300, loss: 0.03787890821695328
time: Sun Dec  8 21:55:57 2019, step: 400, loss: 0.024002300575375557
time: Sun Dec  8 21:58:07 2019, step: 500, loss: 0.08533705770969391
Finished 571 steps training at Sun Dec  8 21:59:36 2019

=========eval at epoch=7=========
Micro avg results:
total number of example:129317
total tp:5578
total proposed (tp+fp):8062
total positive (tp+fn):9802
precision=0.6919
recall=0.5691
f1=0.6245
=======================
Training started at Sun Dec  8 22:00:15 2019
time: Sun Dec  8 22:00:17 2019, step: 0, loss: 0.0339839905500412
time: Sun Dec  8 22:02:22 2019, step: 100, loss: 0.025297269225120544
time: Sun Dec  8 22:04:27 2019, step: 200, loss: 0.009863604791462421
time: Sun Dec  8 22:06:27 2019, step: 300, loss: 0.0002485798904672265
time: Sun Dec  8 22:08:28 2019, step: 400, loss: 0.04244289547204971
time: Sun Dec  8 22:10:32 2019, step: 500, loss: 0.02309354394674301
Finished 571 steps training at Sun Dec  8 22:12:05 2019

=========eval at epoch=8=========
Micro avg results:
total number of example:129317
total tp:4853
total proposed (tp+fp):8068
total positive (tp+fn):9802
precision=0.6015
recall=0.4951
f1=0.5431
=======================
Training started at Sun Dec  8 22:12:45 2019
time: Sun Dec  8 22:12:47 2019, step: 0, loss: 0.034883469343185425
time: Sun Dec  8 22:14:55 2019, step: 100, loss: 0.023211153224110603
time: Sun Dec  8 22:16:59 2019, step: 200, loss: 0.02574518322944641
time: Sun Dec  8 22:19:02 2019, step: 300, loss: 0.010652035474777222
time: Sun Dec  8 22:21:06 2019, step: 400, loss: 0.020010048523545265
time: Sun Dec  8 22:23:11 2019, step: 500, loss: 0.011168629862368107
Finished 571 steps training at Sun Dec  8 22:24:44 2019

=========eval at epoch=9=========
Micro avg results:
total number of example:129317
total tp:2490
total proposed (tp+fp):3858
total positive (tp+fn):9802
precision=0.6454
recall=0.2540
f1=0.3646
=======================
Training started at Sun Dec  8 22:25:23 2019
time: Sun Dec  8 22:25:25 2019, step: 0, loss: 0.000536362873390317
time: Sun Dec  8 22:27:25 2019, step: 100, loss: 0.010466521605849266
time: Sun Dec  8 22:29:18 2019, step: 200, loss: 0.0037557738833129406
time: Sun Dec  8 22:31:21 2019, step: 300, loss: 0.004234332591295242
time: Sun Dec  8 22:33:29 2019, step: 400, loss: 2.9241609809105285e-05
time: Sun Dec  8 22:35:35 2019, step: 500, loss: 0.016349388286471367
Finished 571 steps training at Sun Dec  8 22:37:09 2019

=========eval at epoch=10=========
Micro avg results:
total number of example:129317
total tp:5199
total proposed (tp+fp):8497
total positive (tp+fn):9802
precision=0.6119
recall=0.5304
f1=0.5682
=======================
Training started at Sun Dec  8 22:37:48 2019
time: Sun Dec  8 22:37:50 2019, step: 0, loss: 0.010861504822969437
time: Sun Dec  8 22:39:57 2019, step: 100, loss: 0.004950098693370819
time: Sun Dec  8 22:42:08 2019, step: 200, loss: 0.027028050273656845
time: Sun Dec  8 22:44:12 2019, step: 300, loss: 0.004852986428886652
time: Sun Dec  8 22:46:17 2019, step: 400, loss: 0.004248929210007191
time: Sun Dec  8 22:48:22 2019, step: 500, loss: 0.0011985893361270428
Finished 571 steps training at Sun Dec  8 22:49:53 2019

=========eval at epoch=11=========
Micro avg results:
total number of example:129317
total tp:2480
total proposed (tp+fp):3328
total positive (tp+fn):9802
precision=0.7452
recall=0.2530
f1=0.3778
=======================
Training started at Sun Dec  8 22:50:32 2019
time: Sun Dec  8 22:50:33 2019, step: 0, loss: 0.010181713849306107
time: Sun Dec  8 22:52:44 2019, step: 100, loss: 0.00041505231638439
time: Sun Dec  8 22:54:48 2019, step: 200, loss: 0.0009100466268137097
time: Sun Dec  8 22:56:50 2019, step: 300, loss: 0.01691379025578499
time: Sun Dec  8 22:58:54 2019, step: 400, loss: 0.0006027769995853305
time: Sun Dec  8 23:00:59 2019, step: 500, loss: 0.04901238903403282
Finished 571 steps training at Sun Dec  8 23:02:31 2019

=========eval at epoch=12=========
Micro avg results:
total number of example:129317
total tp:1794
total proposed (tp+fp):2563
total positive (tp+fn):9802
precision=0.7000
recall=0.1830
f1=0.2902
=======================
Training started at Sun Dec  8 23:03:10 2019
time: Sun Dec  8 23:03:12 2019, step: 0, loss: 0.0248463973402977
time: Sun Dec  8 23:05:21 2019, step: 100, loss: 0.0010103483218699694
time: Sun Dec  8 23:07:27 2019, step: 200, loss: 0.01339608896523714
time: Sun Dec  8 23:09:30 2019, step: 300, loss: 0.0034920538309961557
time: Sun Dec  8 23:11:30 2019, step: 400, loss: 0.07430855929851532
time: Sun Dec  8 23:13:36 2019, step: 500, loss: 0.008841708302497864
Finished 571 steps training at Sun Dec  8 23:15:06 2019

=========eval at epoch=13=========
Micro avg results:
total number of example:129317
total tp:3501
total proposed (tp+fp):6020
total positive (tp+fn):9802
precision=0.5816
recall=0.3572
f1=0.4425
=======================
Training started at Sun Dec  8 23:15:44 2019
time: Sun Dec  8 23:15:47 2019, step: 0, loss: 0.004046902526170015
time: Sun Dec  8 23:17:56 2019, step: 100, loss: 0.0007530116126872599
time: Sun Dec  8 23:20:00 2019, step: 200, loss: 0.05171297490596771
time: Sun Dec  8 23:22:02 2019, step: 300, loss: 0.0658104196190834
time: Sun Dec  8 23:24:03 2019, step: 400, loss: 0.00774790532886982
time: Sun Dec  8 23:26:11 2019, step: 500, loss: 0.019264189526438713
Finished 571 steps training at Sun Dec  8 23:27:38 2019

=========eval at epoch=14=========
Micro avg results:
total number of example:129317
total tp:4926
total proposed (tp+fp):7483
total positive (tp+fn):9802
precision=0.6583
recall=0.5026
f1=0.5700
=======================
Training started at Sun Dec  8 23:28:17 2019
time: Sun Dec  8 23:28:18 2019, step: 0, loss: 0.036142315715551376
time: Sun Dec  8 23:30:25 2019, step: 100, loss: 0.0040908693335950375
time: Sun Dec  8 23:32:25 2019, step: 200, loss: 0.07600685209035873
time: Sun Dec  8 23:34:32 2019, step: 300, loss: 0.06110583618283272
time: Sun Dec  8 23:36:37 2019, step: 400, loss: 0.004765074234455824
time: Sun Dec  8 23:38:45 2019, step: 500, loss: 0.000313983007799834
Finished 571 steps training at Sun Dec  8 23:40:10 2019

=========eval at epoch=15=========
Micro avg results:
total number of example:129317
total tp:4188
total proposed (tp+fp):7499
total positive (tp+fn):9802
precision=0.5585
recall=0.4273
f1=0.4841
=======================
Training started at Sun Dec  8 23:40:49 2019
time: Sun Dec  8 23:40:51 2019, step: 0, loss: 0.003862367942929268
time: Sun Dec  8 23:42:57 2019, step: 100, loss: 0.01611071079969406
time: Sun Dec  8 23:45:00 2019, step: 200, loss: 0.008174124173820019
time: Sun Dec  8 23:47:01 2019, step: 300, loss: 0.0024658087641000748
time: Sun Dec  8 23:49:13 2019, step: 400, loss: 0.0005591511144302785
time: Sun Dec  8 23:51:22 2019, step: 500, loss: 0.0007767771603539586
Finished 571 steps training at Sun Dec  8 23:52:43 2019

=========eval at epoch=16=========
Micro avg results:
total number of example:129317
total tp:4749
total proposed (tp+fp):8986
total positive (tp+fn):9802
precision=0.5285
recall=0.4845
f1=0.5055
=======================
Training started at Sun Dec  8 23:53:22 2019
time: Sun Dec  8 23:53:24 2019, step: 0, loss: 0.0019634997006505728
time: Sun Dec  8 23:55:28 2019, step: 100, loss: 0.010741319507360458
time: Sun Dec  8 23:57:35 2019, step: 200, loss: 0.00026939783128909767
time: Sun Dec  8 23:59:42 2019, step: 300, loss: 0.0008814833709038794
time: Mon Dec  9 00:01:40 2019, step: 400, loss: 0.005598874296993017
time: Mon Dec  9 00:03:51 2019, step: 500, loss: 0.006312164012342691
Finished 571 steps training at Mon Dec  9 00:05:15 2019

=========eval at epoch=17=========
Micro avg results:
total number of example:129317
total tp:4002
total proposed (tp+fp):6561
total positive (tp+fn):9802
precision=0.6100
recall=0.4083
f1=0.4892
=======================
Training started at Mon Dec  9 00:05:53 2019
time: Mon Dec  9 00:05:55 2019, step: 0, loss: 0.0007045140373520553
time: Mon Dec  9 00:08:07 2019, step: 100, loss: 0.0023275776766240597
time: Mon Dec  9 00:10:04 2019, step: 200, loss: 0.00040512101259082556
time: Mon Dec  9 00:12:11 2019, step: 300, loss: 0.0004057884216308594
time: Mon Dec  9 00:14:14 2019, step: 400, loss: 0.013485503382980824
time: Mon Dec  9 00:16:17 2019, step: 500, loss: 0.008700190111994743
Finished 571 steps training at Mon Dec  9 00:17:46 2019

=========eval at epoch=18=========
Micro avg results:
total number of example:129317
total tp:4224
total proposed (tp+fp):8792
total positive (tp+fn):9802
precision=0.4804
recall=0.4309
f1=0.4543
=======================
Training started at Mon Dec  9 00:18:24 2019
time: Mon Dec  9 00:18:25 2019, step: 0, loss: 0.08237271755933762
time: Mon Dec  9 00:20:36 2019, step: 100, loss: 0.0068890852853655815
time: Mon Dec  9 00:22:40 2019, step: 200, loss: 0.0010285383323207498
time: Mon Dec  9 00:24:50 2019, step: 300, loss: 0.002126907929778099
time: Mon Dec  9 00:26:49 2019, step: 400, loss: 0.006584254093468189
time: Mon Dec  9 00:28:47 2019, step: 500, loss: 0.0014269001549109817
Finished 571 steps training at Mon Dec  9 00:30:13 2019

=========eval at epoch=19=========
Micro avg results:
total number of example:129317
total tp:2838
total proposed (tp+fp):4396
total positive (tp+fn):9802
precision=0.6456
recall=0.2895
f1=0.3998
=======================
Training started at Mon Dec  9 00:30:51 2019
time: Mon Dec  9 00:30:52 2019, step: 0, loss: 0.0027834337670356035
time: Mon Dec  9 00:32:58 2019, step: 100, loss: 0.029426416382193565
time: Mon Dec  9 00:35:04 2019, step: 200, loss: 0.00014079990796744823
time: Mon Dec  9 00:37:05 2019, step: 300, loss: 0.0007455582381226122
time: Mon Dec  9 00:39:09 2019, step: 400, loss: 0.0009830845519900322
time: Mon Dec  9 00:41:16 2019, step: 500, loss: 4.7342575271613896e-05
Finished 571 steps training at Mon Dec  9 00:42:41 2019

=========eval at epoch=20=========
Micro avg results:
total number of example:129317
total tp:3578
total proposed (tp+fp):5541
total positive (tp+fn):9802
precision=0.6457
recall=0.3650
f1=0.4664
weights were saved to /data/s2071932/BertNER/cbp01/temp20.pt
=======================
Training started at Mon Dec  9 00:43:20 2019
time: Mon Dec  9 00:43:21 2019, step: 0, loss: 0.03702900558710098
time: Mon Dec  9 00:45:23 2019, step: 100, loss: 0.02163551189005375
time: Mon Dec  9 00:47:32 2019, step: 200, loss: 0.000814593571703881
time: Mon Dec  9 00:49:40 2019, step: 300, loss: 0.0001977509236894548
time: Mon Dec  9 00:51:40 2019, step: 400, loss: 0.010110381990671158
time: Mon Dec  9 00:53:37 2019, step: 500, loss: 0.0013630891917273402
Finished 571 steps training at Mon Dec  9 00:55:10 2019

=========eval at epoch=21=========
Micro avg results:
total number of example:129317
total tp:4820
total proposed (tp+fp):7449
total positive (tp+fn):9802
precision=0.6471
recall=0.4917
f1=0.5588
=======================
Training started at Mon Dec  9 00:55:48 2019
time: Mon Dec  9 00:55:50 2019, step: 0, loss: 0.001598996575921774
time: Mon Dec  9 00:57:50 2019, step: 100, loss: 0.00013158819638192654
time: Mon Dec  9 00:59:47 2019, step: 200, loss: 0.011239429004490376
time: Mon Dec  9 01:01:53 2019, step: 300, loss: 0.0012419925769791007
time: Mon Dec  9 01:03:50 2019, step: 400, loss: 0.0004090712172910571
time: Mon Dec  9 01:05:59 2019, step: 500, loss: 0.0012399962870404124
Finished 571 steps training at Mon Dec  9 01:07:34 2019

=========eval at epoch=22=========
Micro avg results:
total number of example:129317
total tp:4753
total proposed (tp+fp):9518
total positive (tp+fn):9802
precision=0.4994
recall=0.4849
f1=0.4920
=======================
Training started at Mon Dec  9 01:08:12 2019
time: Mon Dec  9 01:08:13 2019, step: 0, loss: 5.000134478905238e-05
time: Mon Dec  9 01:10:24 2019, step: 100, loss: 0.00010099892097059637
time: Mon Dec  9 01:12:22 2019, step: 200, loss: 8.808189886622131e-05
time: Mon Dec  9 01:14:28 2019, step: 300, loss: 0.00023193108791019768
time: Mon Dec  9 01:16:36 2019, step: 400, loss: 0.0010565560078248382
time: Mon Dec  9 01:18:42 2019, step: 500, loss: 0.03309827670454979
Finished 571 steps training at Mon Dec  9 01:20:08 2019

=========eval at epoch=23=========
Micro avg results:
total number of example:129317
total tp:3322
total proposed (tp+fp):10731
total positive (tp+fn):9802
precision=0.3096
recall=0.3389
f1=0.3236
=======================
Training started at Mon Dec  9 01:20:46 2019
time: Mon Dec  9 01:20:48 2019, step: 0, loss: 0.01226692646741867
time: Mon Dec  9 01:22:56 2019, step: 100, loss: 0.0017157780239358544
time: Mon Dec  9 01:24:57 2019, step: 200, loss: 0.06276479363441467
time: Mon Dec  9 01:27:05 2019, step: 300, loss: 0.0002305000089108944
time: Mon Dec  9 01:29:16 2019, step: 400, loss: 0.0014111200580373406
time: Mon Dec  9 01:31:17 2019, step: 500, loss: 0.0013650048058480024
Finished 571 steps training at Mon Dec  9 01:32:45 2019

=========eval at epoch=24=========
Micro avg results:
total number of example:129317
total tp:3983
total proposed (tp+fp):6761
total positive (tp+fn):9802
precision=0.5891
recall=0.4063
f1=0.4810
=======================
Training started at Mon Dec  9 01:33:23 2019
time: Mon Dec  9 01:33:24 2019, step: 0, loss: 0.01357796136289835
time: Mon Dec  9 01:35:32 2019, step: 100, loss: 0.00045905023580417037
time: Mon Dec  9 01:37:37 2019, step: 200, loss: 0.003569740569218993
time: Mon Dec  9 01:39:43 2019, step: 300, loss: 0.000859644147567451
time: Mon Dec  9 01:41:49 2019, step: 400, loss: 0.04535919800400734
time: Mon Dec  9 01:43:52 2019, step: 500, loss: 8.582793088862672e-05
Finished 571 steps training at Mon Dec  9 01:45:17 2019

=========eval at epoch=25=========
Micro avg results:
total number of example:129317
total tp:5514
total proposed (tp+fp):10134
total positive (tp+fn):9802
precision=0.5441
recall=0.5625
f1=0.5532
=======================
Training started at Mon Dec  9 01:45:55 2019
time: Mon Dec  9 01:45:57 2019, step: 0, loss: 0.0008676749421283603
time: Mon Dec  9 01:47:55 2019, step: 100, loss: 0.0001321146119153127
time: Mon Dec  9 01:49:56 2019, step: 200, loss: 0.00015606661327183247
time: Mon Dec  9 01:52:07 2019, step: 300, loss: 0.026149095967411995
time: Mon Dec  9 01:54:16 2019, step: 400, loss: 0.0042568957433104515
time: Mon Dec  9 01:56:16 2019, step: 500, loss: 3.711614044732414e-05
Finished 571 steps training at Mon Dec  9 01:57:44 2019

=========eval at epoch=26=========
Micro avg results:
total number of example:129317
total tp:4424
total proposed (tp+fp):6795
total positive (tp+fn):9802
precision=0.6511
recall=0.4513
f1=0.5331
=======================
Training started at Mon Dec  9 01:58:22 2019
time: Mon Dec  9 01:58:24 2019, step: 0, loss: 0.0008197686402127147
time: Mon Dec  9 02:00:32 2019, step: 100, loss: 0.0001655204250710085
time: Mon Dec  9 02:02:28 2019, step: 200, loss: 0.0010487332474440336
time: Mon Dec  9 02:04:28 2019, step: 300, loss: 0.00011012137110810727
time: Mon Dec  9 02:06:35 2019, step: 400, loss: 0.0011204468319192529
time: Mon Dec  9 02:08:43 2019, step: 500, loss: 6.0720809415215626e-05
Finished 571 steps training at Mon Dec  9 02:10:15 2019

=========eval at epoch=27=========
Micro avg results:
total number of example:129317
total tp:2895
total proposed (tp+fp):4064
total positive (tp+fn):9802
precision=0.7124
recall=0.2953
f1=0.4176
=======================
Training started at Mon Dec  9 02:10:52 2019
time: Mon Dec  9 02:10:54 2019, step: 0, loss: 9.176079765893519e-05
time: Mon Dec  9 02:13:02 2019, step: 100, loss: 6.987737288000062e-05
time: Mon Dec  9 02:15:03 2019, step: 200, loss: 0.020848317071795464
time: Mon Dec  9 02:17:06 2019, step: 300, loss: 0.0002792170562315732
time: Mon Dec  9 02:19:06 2019, step: 400, loss: 0.001220161560922861
time: Mon Dec  9 02:21:08 2019, step: 500, loss: 0.0015895918477326632
Finished 571 steps training at Mon Dec  9 02:22:33 2019

=========eval at epoch=28=========
Micro avg results:
total number of example:129317
total tp:3928
total proposed (tp+fp):5649
total positive (tp+fn):9802
precision=0.6953
recall=0.4007
f1=0.5084
=======================
Training started at Mon Dec  9 02:23:10 2019
time: Mon Dec  9 02:23:12 2019, step: 0, loss: 0.013446265831589699
time: Mon Dec  9 02:25:10 2019, step: 100, loss: 0.00020470401796046644
time: Mon Dec  9 02:27:14 2019, step: 200, loss: 0.0037639550864696503
time: Mon Dec  9 02:29:21 2019, step: 300, loss: 0.0021017882972955704
time: Mon Dec  9 02:31:26 2019, step: 400, loss: 0.0006285638082772493
time: Mon Dec  9 02:33:29 2019, step: 500, loss: 0.0010175704956054688
Finished 571 steps training at Mon Dec  9 02:34:56 2019

=========eval at epoch=29=========
Micro avg results:
total number of example:129317
total tp:5264
total proposed (tp+fp):8402
total positive (tp+fn):9802
precision=0.6265
recall=0.5370
f1=0.5783
=======================
Training started at Mon Dec  9 02:35:34 2019
time: Mon Dec  9 02:35:35 2019, step: 0, loss: 0.0005297611933201551
time: Mon Dec  9 02:37:38 2019, step: 100, loss: 7.368809019681066e-05
time: Mon Dec  9 02:39:49 2019, step: 200, loss: 0.003761580213904381
time: Mon Dec  9 02:41:54 2019, step: 300, loss: 0.04740339517593384
time: Mon Dec  9 02:43:52 2019, step: 400, loss: 0.0020027279388159513
time: Mon Dec  9 02:45:55 2019, step: 500, loss: 0.05202832072973251
Finished 571 steps training at Mon Dec  9 02:47:23 2019

=========eval at epoch=30=========
Micro avg results:
total number of example:129317
total tp:5389
total proposed (tp+fp):9053
total positive (tp+fn):9802
precision=0.5953
recall=0.5498
f1=0.5716
=======================
Training started at Mon Dec  9 02:48:00 2019
time: Mon Dec  9 02:48:01 2019, step: 0, loss: 0.0023606885224580765
time: Mon Dec  9 02:50:10 2019, step: 100, loss: 6.580504850717261e-05
time: Mon Dec  9 02:52:09 2019, step: 200, loss: 2.347646477574017e-05
time: Mon Dec  9 02:54:12 2019, step: 300, loss: 0.017301909625530243
time: Mon Dec  9 02:56:18 2019, step: 400, loss: 0.0009552370174787939
time: Mon Dec  9 02:58:21 2019, step: 500, loss: 0.00989929586648941
Finished 571 steps training at Mon Dec  9 02:59:46 2019

=========eval at epoch=31=========
Micro avg results:
total number of example:129317
total tp:5075
total proposed (tp+fp):9087
total positive (tp+fn):9802
precision=0.5585
recall=0.5178
f1=0.5373
=======================
Training started at Mon Dec  9 03:00:24 2019
time: Mon Dec  9 03:00:24 2019, step: 0, loss: 8.755511953495443e-05
time: Mon Dec  9 03:02:30 2019, step: 100, loss: 0.00012401395360939205
time: Mon Dec  9 03:04:33 2019, step: 200, loss: 0.015136555768549442
time: Mon Dec  9 03:06:41 2019, step: 300, loss: 4.600505417329259e-05
time: Mon Dec  9 03:08:45 2019, step: 400, loss: 0.0006409960915334523
time: Mon Dec  9 03:10:46 2019, step: 500, loss: 0.018057025969028473
Finished 571 steps training at Mon Dec  9 03:12:11 2019

=========eval at epoch=32=========
Micro avg results:
total number of example:129317
total tp:3974
total proposed (tp+fp):5592
total positive (tp+fn):9802
precision=0.7107
recall=0.4054
f1=0.5163
=======================
Training started at Mon Dec  9 03:12:48 2019
time: Mon Dec  9 03:12:50 2019, step: 0, loss: 0.010320366360247135
time: Mon Dec  9 03:14:50 2019, step: 100, loss: 0.0004996911738999188
time: Mon Dec  9 03:16:50 2019, step: 200, loss: 0.004118353594094515
time: Mon Dec  9 03:18:54 2019, step: 300, loss: 0.003162986133247614
time: Mon Dec  9 03:21:03 2019, step: 400, loss: 0.00599972577765584
time: Mon Dec  9 03:23:06 2019, step: 500, loss: 0.005453223362565041
Finished 571 steps training at Mon Dec  9 03:24:33 2019

=========eval at epoch=33=========
Micro avg results:
total number of example:129317
total tp:4250
total proposed (tp+fp):10224
total positive (tp+fn):9802
precision=0.4157
recall=0.4336
f1=0.4244
=======================
Training started at Mon Dec  9 03:25:11 2019
time: Mon Dec  9 03:25:13 2019, step: 0, loss: 0.02187459170818329
time: Mon Dec  9 03:27:16 2019, step: 100, loss: 0.0005386349512264132
time: Mon Dec  9 03:29:20 2019, step: 200, loss: 0.002773615997284651
time: Mon Dec  9 03:31:24 2019, step: 300, loss: 8.974159572971985e-05
time: Mon Dec  9 03:33:27 2019, step: 400, loss: 0.010405531153082848
time: Mon Dec  9 03:35:30 2019, step: 500, loss: 0.010605737566947937
Finished 571 steps training at Mon Dec  9 03:36:54 2019

=========eval at epoch=34=========
Micro avg results:
total number of example:129317
total tp:3461
total proposed (tp+fp):7720
total positive (tp+fn):9802
precision=0.4483
recall=0.3531
f1=0.3950
=======================
Training started at Mon Dec  9 03:37:32 2019
time: Mon Dec  9 03:37:34 2019, step: 0, loss: 0.007971453480422497
time: Mon Dec  9 03:39:37 2019, step: 100, loss: 0.004217335022985935
time: Mon Dec  9 03:41:39 2019, step: 200, loss: 0.00013769340876024216
time: Mon Dec  9 03:43:47 2019, step: 300, loss: 0.0523056760430336
time: Mon Dec  9 03:45:50 2019, step: 400, loss: 8.179185533663258e-05
time: Mon Dec  9 03:48:01 2019, step: 500, loss: 0.0006683857645839453
Finished 571 steps training at Mon Dec  9 03:49:30 2019

=========eval at epoch=35=========
Micro avg results:
total number of example:129317
total tp:3592
total proposed (tp+fp):5036
total positive (tp+fn):9802
precision=0.7133
recall=0.3665
f1=0.4842
=======================
Training started at Mon Dec  9 03:50:08 2019
time: Mon Dec  9 03:50:09 2019, step: 0, loss: 0.00026899270596913993
time: Mon Dec  9 03:52:15 2019, step: 100, loss: 0.000717817572876811
time: Mon Dec  9 03:54:22 2019, step: 200, loss: 0.0001085167023120448
time: Mon Dec  9 03:56:31 2019, step: 300, loss: 8.495287329424173e-05
time: Mon Dec  9 03:58:30 2019, step: 400, loss: 0.00019039590551983565
time: Mon Dec  9 04:00:32 2019, step: 500, loss: 0.001028672675602138
Finished 571 steps training at Mon Dec  9 04:01:55 2019

=========eval at epoch=36=========
Micro avg results:
total number of example:129317
total tp:3973
total proposed (tp+fp):6865
total positive (tp+fn):9802
precision=0.5787
recall=0.4053
f1=0.4768
=======================
Training started at Mon Dec  9 04:02:33 2019
time: Mon Dec  9 04:02:35 2019, step: 0, loss: 0.014723108150064945
time: Mon Dec  9 04:04:36 2019, step: 100, loss: 0.0029124130960553885
time: Mon Dec  9 04:06:44 2019, step: 200, loss: 0.0013757905689999461
time: Mon Dec  9 04:08:52 2019, step: 300, loss: 0.028958801180124283
time: Mon Dec  9 04:10:57 2019, step: 400, loss: 0.017161743715405464
time: Mon Dec  9 04:13:05 2019, step: 500, loss: 6.978986493777484e-05
Finished 571 steps training at Mon Dec  9 04:14:27 2019

=========eval at epoch=37=========
Micro avg results:
total number of example:129317
total tp:4243
total proposed (tp+fp):6404
total positive (tp+fn):9802
precision=0.6626
recall=0.4329
f1=0.5236
=======================
Training started at Mon Dec  9 04:15:04 2019
time: Mon Dec  9 04:15:06 2019, step: 0, loss: 0.020163828507065773
time: Mon Dec  9 04:17:16 2019, step: 100, loss: 0.0003262497193645686
time: Mon Dec  9 04:19:21 2019, step: 200, loss: 0.033167388290166855
time: Mon Dec  9 04:21:27 2019, step: 300, loss: 0.0005584598984569311
time: Mon Dec  9 04:23:30 2019, step: 400, loss: 0.0003943865012843162
time: Mon Dec  9 04:25:31 2019, step: 500, loss: 7.600618118885905e-05
Finished 571 steps training at Mon Dec  9 04:26:54 2019

=========eval at epoch=38=========
Micro avg results:
total number of example:129317
total tp:2569
total proposed (tp+fp):3682
total positive (tp+fn):9802
precision=0.6977
recall=0.2621
f1=0.3810
=======================
Training started at Mon Dec  9 04:27:32 2019
time: Mon Dec  9 04:27:33 2019, step: 0, loss: 0.00026668826467357576
time: Mon Dec  9 04:29:39 2019, step: 100, loss: 7.567969441879541e-05
time: Mon Dec  9 04:31:46 2019, step: 200, loss: 0.00011459799134172499
time: Mon Dec  9 04:33:52 2019, step: 300, loss: 0.027882780879735947
time: Mon Dec  9 04:35:54 2019, step: 400, loss: 0.0014544905861839652
time: Mon Dec  9 04:37:59 2019, step: 500, loss: 0.0017309932736679912
Finished 571 steps training at Mon Dec  9 04:39:18 2019

=========eval at epoch=39=========
Micro avg results:
total number of example:129317
total tp:3715
total proposed (tp+fp):5640
total positive (tp+fn):9802
precision=0.6587
recall=0.3790
f1=0.4812
=======================
Training started at Mon Dec  9 04:39:56 2019
time: Mon Dec  9 04:39:57 2019, step: 0, loss: 0.0005389457801356912
time: Mon Dec  9 04:41:59 2019, step: 100, loss: 0.0001278669515158981
time: Mon Dec  9 04:44:07 2019, step: 200, loss: 0.0018914809916168451
time: Mon Dec  9 04:46:07 2019, step: 300, loss: 0.00023447793500963598
time: Mon Dec  9 04:48:12 2019, step: 400, loss: 8.107517351163551e-05
time: Mon Dec  9 04:50:13 2019, step: 500, loss: 0.004023603163659573
Finished 571 steps training at Mon Dec  9 04:51:38 2019

=========eval at epoch=40=========
Micro avg results:
total number of example:129317
total tp:3659
total proposed (tp+fp):5975
total positive (tp+fn):9802
precision=0.6124
recall=0.3733
f1=0.4638
=========Testing on best model=========
             precision    recall  f1-score   support

    protein       0.44      0.41      0.42       157
    disease       0.52      0.64      0.57       156
       gene       0.35      0.44      0.39        16

avg / total       0.47      0.52      0.49       329

Micro avg results:
total number of example:49531
total tp:886
total proposed (tp+fp):1358
total positive (tp+fn):1463
precision=0.6524
recall=0.6056
f1=0.6281
=======================

