nohup: ignoring input
Better speed can be achieved with apex installed from https://www.github.com/nvidia/apex.

Get the following tags in trainset: ['O', 'B-disease', 'I-disease', 'B-protein', 'I-protein', 'B-gene', 'I-gene']

Parameter settings:
 Namespace(batch_size=8, finetuning=True, hidden_size=128, load_weights=False, logdir='/data/s2071932/BertNER/cbp04', lr=5e-05, n_epochs=40, rnn_layers=1, test_batch_size=16, testing=True, testset='/local/s2071932/general_data/cbp_gold_small_v2/4/no_long_cbp_gold_v2_test.bio', top_rnns=False, trainset='/local/s2071932/general_data/cbp_gold_small_v2/4/no_long_cbp_gold_v2_train.bio', validset='/local/s2071932/general_data/cbp_gold_small_v2/4/no_long_cbp_gold_v2_dev.bio', weight_decay=0.0, weights_path='')

=======================
Training started at Sun Dec  8 20:32:12 2019
=====sanity check======
words: [CLS] [ 0 0 0 5 ] 尽 管 现 在 通 常 测 定 和 甚 至 定 量 胃 肠 道 样 品 中 的 微 生 物 的 相 对 量 且 使 用 此 类 分 布 以 参 考 疾 病 病 状 的 特 异 性 分 布 特 征 诊 断 疾 病 或 参 考 正 常 状 态 的 特 异 性 分 布 特 征 排 除 诊 断 ( 例 如 W 0 2 0 1 2 0 8 0 7 5 4 ; W 0 2 0 1 1 0 4 3 6 5 4 ) ， 关 于 生 物 标 准 状 态 ， 仍 需 要 测 定 患 有 胃 肠 道 菌 群 失 调 的 患 者 的 可 能 性 的 方 法 ， 其 易 于 实 施 、 为 可 靠 且 稳 固 的 且 足 够 柔 性 以 与 用 于 测 量 胃 肠 道 样 品 中 的 微 生 物 水 平 的 任 何 技 术 一 起 使 用 且 并 不 需 要 参 考 特 异 性 标 准 分 布 。 [SEP]
x: [ 101  138  121  121  121  126  140 2226 5052 4385 1762 6858 2382 3844
 2137 1469 4493 5635 2137 7030 5517 5499 6887 3416 1501  704 4638 2544
 4495 4289 4638 4685 2190 7030  684  886 4500 3634 5102 1146 2357  809
 1346 5440 4565 4567 4567 4307 4638 4294 2460 2595 1146 2357 4294 2519
 6402 3171 4565 4567 2772 1346 5440 3633 2382 4307 2578 4638 4294 2460
 2595 1146 2357 4294 2519 2961 7370 6402 3171  113  891 1963  165  121
  123  121  122  123  121  129  121  128  126  125  132  165  121  123
  121  122  122  121  125  124  127  126  125  114 8024 1068  754 4495
 4289 3403 1114 4307 2578 8024  793 7444 6206 3844 2137 2642 3300 5517
 5499 6887 5826 5408 1927 6444 4638 2642 5442 4638 1377 5543 2595 4638
 3175 3791 8024 1071 3211  754 2141 3177  510  711 1377 7479  684 4937
 1743 4638  684 6639 1916 3382 2595  809  680 4500  754 3844 7030 5517
 5499 6887 3416 1501  704 4638 2544 4495 4289 3717 2398 4638  818  862
 2825 3318  671 6629  886 4500  684 2400  679 7444 6206 1346 5440 4294
 2460 2595 3403 1114 1146 2357  511  102]
tokens: ['[CLS]', '[', '0', '0', '0', '5', ']', '尽', '管', '现', '在', '通', '常', '测', '定', '和', '甚', '至', '定', '量', '胃', '肠', '道', '样', '品', '中', '的', '微', '生', '物', '的', '相', '对', '量', '且', '使', '用', '此', '类', '分', '布', '以', '参', '考', '疾', '病', '病', '状', '的', '特', '异', '性', '分', '布', '特', '征', '诊', '断', '疾', '病', '或', '参', '考', '正', '常', '状', '态', '的', '特', '异', '性', '分', '布', '特', '征', '排', '除', '诊', '断', '(', '例', '如', 'w', '0', '2', '0', '1', '2', '0', '8', '0', '7', '5', '4', ';', 'w', '0', '2', '0', '1', '1', '0', '4', '3', '6', '5', '4', ')', '，', '关', '于', '生', '物', '标', '准', '状', '态', '，', '仍', '需', '要', '测', '定', '患', '有', '胃', '肠', '道', '菌', '群', '失', '调', '的', '患', '者', '的', '可', '能', '性', '的', '方', '法', '，', '其', '易', '于', '实', '施', '、', '为', '可', '靠', '且', '稳', '固', '的', '且', '足', '够', '柔', '性', '以', '与', '用', '于', '测', '量', '胃', '肠', '道', '样', '品', '中', '的', '微', '生', '物', '水', '平', '的', '任', '何', '技', '术', '一', '起', '使', '用', '且', '并', '不', '需', '要', '参', '考', '特', '异', '性', '标', '准', '分', '布', '。', '[SEP]']
is_heads: [1, 1, 1, 1, 1, 1, 1, 1, 1, 1, 1, 1, 1, 1, 1, 1, 1, 1, 1, 1, 1, 1, 1, 1, 1, 1, 1, 1, 1, 1, 1, 1, 1, 1, 1, 1, 1, 1, 1, 1, 1, 1, 1, 1, 1, 1, 1, 1, 1, 1, 1, 1, 1, 1, 1, 1, 1, 1, 1, 1, 1, 1, 1, 1, 1, 1, 1, 1, 1, 1, 1, 1, 1, 1, 1, 1, 1, 1, 1, 1, 1, 1, 1, 1, 1, 1, 1, 1, 1, 1, 1, 1, 1, 1, 1, 1, 1, 1, 1, 1, 1, 1, 1, 1, 1, 1, 1, 1, 1, 1, 1, 1, 1, 1, 1, 1, 1, 1, 1, 1, 1, 1, 1, 1, 1, 1, 1, 1, 1, 1, 1, 1, 1, 1, 1, 1, 1, 1, 1, 1, 1, 1, 1, 1, 1, 1, 1, 1, 1, 1, 1, 1, 1, 1, 1, 1, 1, 1, 1, 1, 1, 1, 1, 1, 1, 1, 1, 1, 1, 1, 1, 1, 1, 1, 1, 1, 1, 1, 1, 1, 1, 1, 1, 1, 1, 1, 1, 1, 1, 1, 1, 1, 1, 1, 1, 1, 1, 1, 1, 1, 1, 1, 1, 1]
y: [0 1 1 1 1 1 1 1 1 1 1 1 1 1 1 1 1 1 1 1 1 1 1 1 1 1 1 1 1 1 1 1 1 1 1 1 1
 1 1 1 1 1 1 1 1 1 1 1 1 1 1 1 1 1 1 1 1 1 1 1 1 1 1 1 1 1 1 1 1 1 1 1 1 1
 1 1 1 1 1 1 1 1 1 1 1 1 1 1 1 1 1 1 1 1 1 1 1 1 1 1 1 1 1 1 1 1 1 1 1 1 1
 1 1 1 1 1 1 1 1 1 1 1 1 1 1 1 1 1 1 1 1 1 1 1 1 1 1 1 1 1 1 1 1 1 1 1 1 1
 1 1 1 1 1 1 1 1 1 1 1 1 1 1 1 1 1 1 1 1 1 1 1 1 1 1 1 1 1 1 1 1 1 1 1 1 1
 1 1 1 1 1 1 1 1 1 1 1 1 1 1 1 1 1 1 0]
tags: <PAD> O O O O O O O O O O O O O O O O O O O O O O O O O O O O O O O O O O O O O O O O O O O O O O O O O O O O O O O O O O O O O O O O O O O O O O O O O O O O O O O O O O O O O O O O O O O O O O O O O O O O O O O O O O O O O O O O O O O O O O O O O O O O O O O O O O O O O O O O O O O O O O O O O O O O O O O O O O O O O O O O O O O O O O O O O O O O O O O O O O O O O O O O O O O O O O O O O O O O O O O O O O <PAD>
seqlen: 204
=======================
time: Sun Dec  8 20:32:14 2019, step: 0, loss: 2.0163891315460205
time: Sun Dec  8 20:34:08 2019, step: 100, loss: 0.38385483622550964
time: Sun Dec  8 20:36:05 2019, step: 200, loss: 0.39856964349746704
time: Sun Dec  8 20:37:59 2019, step: 300, loss: 0.17047448456287384
time: Sun Dec  8 20:39:54 2019, step: 400, loss: 0.19904761016368866
time: Sun Dec  8 20:41:53 2019, step: 500, loss: 0.20317848026752472
time: Sun Dec  8 20:43:56 2019, step: 600, loss: 0.08234716206789017
Finished 608 steps training at Sun Dec  8 20:44:06 2019

=========eval at epoch=1=========
Micro avg results:
total number of example:77832
total tp:2190
total proposed (tp+fp):3018
total positive (tp+fn):3427
precision=0.7256
recall=0.6390
f1=0.6796
=======================
Training started at Sun Dec  8 20:44:28 2019
time: Sun Dec  8 20:44:30 2019, step: 0, loss: 0.041978396475315094
time: Sun Dec  8 20:46:27 2019, step: 100, loss: 0.02867657132446766
time: Sun Dec  8 20:48:19 2019, step: 200, loss: 0.0023008824791759253
time: Sun Dec  8 20:50:20 2019, step: 300, loss: 0.06909080594778061
time: Sun Dec  8 20:52:21 2019, step: 400, loss: 0.01352300401777029
time: Sun Dec  8 20:54:16 2019, step: 500, loss: 0.05983293801546097
time: Sun Dec  8 20:56:11 2019, step: 600, loss: 0.0038636308163404465
Finished 608 steps training at Sun Dec  8 20:56:21 2019

=========eval at epoch=2=========
Micro avg results:
total number of example:77832
total tp:2391
total proposed (tp+fp):4109
total positive (tp+fn):3427
precision=0.5819
recall=0.6977
f1=0.6346
=======================
Training started at Sun Dec  8 20:56:43 2019
time: Sun Dec  8 20:56:45 2019, step: 0, loss: 0.21519219875335693
time: Sun Dec  8 20:58:38 2019, step: 100, loss: 0.06226113438606262
time: Sun Dec  8 21:00:39 2019, step: 200, loss: 0.03530040383338928
time: Sun Dec  8 21:02:38 2019, step: 300, loss: 0.23837538063526154
time: Sun Dec  8 21:04:32 2019, step: 400, loss: 0.039523396641016006
time: Sun Dec  8 21:06:34 2019, step: 500, loss: 0.07933543622493744
time: Sun Dec  8 21:08:29 2019, step: 600, loss: 0.05723625421524048
Finished 608 steps training at Sun Dec  8 21:08:39 2019

=========eval at epoch=3=========
Micro avg results:
total number of example:77832
total tp:2444
total proposed (tp+fp):3640
total positive (tp+fn):3427
precision=0.6714
recall=0.7132
f1=0.6917
=======================
Training started at Sun Dec  8 21:09:01 2019
time: Sun Dec  8 21:09:03 2019, step: 0, loss: 0.21429218351840973
time: Sun Dec  8 21:10:57 2019, step: 100, loss: 0.1510535329580307
time: Sun Dec  8 21:12:58 2019, step: 200, loss: 0.004311274271458387
time: Sun Dec  8 21:14:55 2019, step: 300, loss: 0.008657382801175117
time: Sun Dec  8 21:16:51 2019, step: 400, loss: 0.014924158342182636
time: Sun Dec  8 21:18:49 2019, step: 500, loss: 0.0018825026927515864
time: Sun Dec  8 21:20:43 2019, step: 600, loss: 0.023329343646764755
Finished 608 steps training at Sun Dec  8 21:20:52 2019

=========eval at epoch=4=========
Micro avg results:
total number of example:77832
total tp:2387
total proposed (tp+fp):3488
total positive (tp+fn):3427
precision=0.6843
recall=0.6965
f1=0.6904
=======================
Training started at Sun Dec  8 21:21:14 2019
time: Sun Dec  8 21:21:16 2019, step: 0, loss: 0.013608247973024845
time: Sun Dec  8 21:23:16 2019, step: 100, loss: 0.01615222916007042
time: Sun Dec  8 21:25:12 2019, step: 200, loss: 0.0106187229976058
time: Sun Dec  8 21:27:10 2019, step: 300, loss: 0.08776139467954636
time: Sun Dec  8 21:29:08 2019, step: 400, loss: 0.00035746628418564796
time: Sun Dec  8 21:31:03 2019, step: 500, loss: 0.027573630213737488
time: Sun Dec  8 21:32:54 2019, step: 600, loss: 0.0027262717485427856
Finished 608 steps training at Sun Dec  8 21:33:02 2019

=========eval at epoch=5=========
Micro avg results:
total number of example:77832
total tp:2617
total proposed (tp+fp):3531
total positive (tp+fn):3427
precision=0.7411
recall=0.7636
f1=0.7522
=======================
Training started at Sun Dec  8 21:33:24 2019
time: Sun Dec  8 21:33:26 2019, step: 0, loss: 0.0028746433090418577
time: Sun Dec  8 21:35:27 2019, step: 100, loss: 0.03353758901357651
time: Sun Dec  8 21:37:16 2019, step: 200, loss: 0.005345177371054888
time: Sun Dec  8 21:39:12 2019, step: 300, loss: 0.008551184087991714
time: Sun Dec  8 21:41:07 2019, step: 400, loss: 0.011033068411052227
time: Sun Dec  8 21:43:03 2019, step: 500, loss: 0.00754186138510704
time: Sun Dec  8 21:44:56 2019, step: 600, loss: 0.024997519329190254
Finished 608 steps training at Sun Dec  8 21:45:06 2019

=========eval at epoch=6=========
Micro avg results:
total number of example:77832
total tp:2165
total proposed (tp+fp):3163
total positive (tp+fn):3427
precision=0.6845
recall=0.6317
f1=0.6571
=======================
Training started at Sun Dec  8 21:45:28 2019
time: Sun Dec  8 21:45:30 2019, step: 0, loss: 0.0038765540812164545
time: Sun Dec  8 21:47:27 2019, step: 100, loss: 0.04742373153567314
time: Sun Dec  8 21:49:28 2019, step: 200, loss: 0.029310937970876694
time: Sun Dec  8 21:51:25 2019, step: 300, loss: 0.04218924045562744
time: Sun Dec  8 21:53:16 2019, step: 400, loss: 0.0033387348521500826
time: Sun Dec  8 21:55:13 2019, step: 500, loss: 0.00010056937753688544
time: Sun Dec  8 21:57:13 2019, step: 600, loss: 0.020447416231036186
Finished 608 steps training at Sun Dec  8 21:57:21 2019

=========eval at epoch=7=========
Micro avg results:
total number of example:77832
total tp:2050
total proposed (tp+fp):2790
total positive (tp+fn):3427
precision=0.7348
recall=0.5982
f1=0.6595
=======================
Training started at Sun Dec  8 21:57:43 2019
time: Sun Dec  8 21:57:45 2019, step: 0, loss: 0.00737452507019043
time: Sun Dec  8 21:59:43 2019, step: 100, loss: 0.003734705736860633
time: Sun Dec  8 22:01:46 2019, step: 200, loss: 0.00012949752272106707
time: Sun Dec  8 22:03:42 2019, step: 300, loss: 0.01664096675813198
time: Sun Dec  8 22:05:37 2019, step: 400, loss: 0.03957599774003029
time: Sun Dec  8 22:07:33 2019, step: 500, loss: 0.003372677369043231
time: Sun Dec  8 22:09:27 2019, step: 600, loss: 0.01048017106950283
Finished 608 steps training at Sun Dec  8 22:09:34 2019

=========eval at epoch=8=========
Micro avg results:
total number of example:77832
total tp:2332
total proposed (tp+fp):3146
total positive (tp+fn):3427
precision=0.7413
recall=0.6805
f1=0.7096
=======================
Training started at Sun Dec  8 22:09:57 2019
time: Sun Dec  8 22:09:59 2019, step: 0, loss: 0.017137162387371063
time: Sun Dec  8 22:11:57 2019, step: 100, loss: 0.04986364766955376
time: Sun Dec  8 22:13:57 2019, step: 200, loss: 0.017616037279367447
time: Sun Dec  8 22:15:56 2019, step: 300, loss: 0.009453331120312214
time: Sun Dec  8 22:17:49 2019, step: 400, loss: 0.0005506386514753103
time: Sun Dec  8 22:19:45 2019, step: 500, loss: 0.0017149009509012103
time: Sun Dec  8 22:21:46 2019, step: 600, loss: 0.01239563524723053
Finished 608 steps training at Sun Dec  8 22:21:54 2019

=========eval at epoch=9=========
Micro avg results:
total number of example:77832
total tp:2362
total proposed (tp+fp):3672
total positive (tp+fn):3427
precision=0.6432
recall=0.6892
f1=0.6654
=======================
Training started at Sun Dec  8 22:22:16 2019
time: Sun Dec  8 22:22:18 2019, step: 0, loss: 0.005942383781075478
time: Sun Dec  8 22:24:13 2019, step: 100, loss: 0.023866113275289536
time: Sun Dec  8 22:26:11 2019, step: 200, loss: 0.007208643481135368
time: Sun Dec  8 22:28:12 2019, step: 300, loss: 0.031968988478183746
time: Sun Dec  8 22:30:09 2019, step: 400, loss: 0.0010758041171357036
time: Sun Dec  8 22:32:03 2019, step: 500, loss: 0.002405306324362755
time: Sun Dec  8 22:33:59 2019, step: 600, loss: 0.00020978036627639085
Finished 608 steps training at Sun Dec  8 22:34:06 2019

=========eval at epoch=10=========
Micro avg results:
total number of example:77832
total tp:2457
total proposed (tp+fp):3496
total positive (tp+fn):3427
precision=0.7028
recall=0.7170
f1=0.7098
=======================
Training started at Sun Dec  8 22:34:28 2019
time: Sun Dec  8 22:34:29 2019, step: 0, loss: 0.001228310982696712
time: Sun Dec  8 22:36:24 2019, step: 100, loss: 0.0008807876729406416
time: Sun Dec  8 22:38:24 2019, step: 200, loss: 0.00014053996710572392
time: Sun Dec  8 22:40:18 2019, step: 300, loss: 0.07260642945766449
time: Sun Dec  8 22:42:15 2019, step: 400, loss: 0.08728161454200745
time: Sun Dec  8 22:44:16 2019, step: 500, loss: 0.0060537876561284065
time: Sun Dec  8 22:46:02 2019, step: 600, loss: 0.000259137392276898
Finished 608 steps training at Sun Dec  8 22:46:11 2019

=========eval at epoch=11=========
Micro avg results:
total number of example:77832
total tp:2365
total proposed (tp+fp):3388
total positive (tp+fn):3427
precision=0.6981
recall=0.6901
f1=0.6941
=======================
Training started at Sun Dec  8 22:46:32 2019
time: Sun Dec  8 22:46:34 2019, step: 0, loss: 0.019804706797003746
time: Sun Dec  8 22:48:33 2019, step: 100, loss: 0.00016139184299390763
time: Sun Dec  8 22:50:31 2019, step: 200, loss: 0.000362316524842754
time: Sun Dec  8 22:52:30 2019, step: 300, loss: 0.007452570367604494
time: Sun Dec  8 22:54:22 2019, step: 400, loss: 0.00851773377507925
time: Sun Dec  8 22:56:13 2019, step: 500, loss: 0.00020379555644467473
time: Sun Dec  8 22:58:12 2019, step: 600, loss: 0.0005849584122188389
Finished 608 steps training at Sun Dec  8 22:58:19 2019

=========eval at epoch=12=========
Micro avg results:
total number of example:77832
total tp:2501
total proposed (tp+fp):4100
total positive (tp+fn):3427
precision=0.6100
recall=0.7298
f1=0.6645
=======================
Training started at Sun Dec  8 22:58:41 2019
time: Sun Dec  8 22:58:43 2019, step: 0, loss: 0.00026731257094070315
time: Sun Dec  8 23:00:44 2019, step: 100, loss: 0.021762998774647713
time: Sun Dec  8 23:02:45 2019, step: 200, loss: 0.00042038565152324736
time: Sun Dec  8 23:04:34 2019, step: 300, loss: 0.0001244989107362926
time: Sun Dec  8 23:06:24 2019, step: 400, loss: 0.00013922933430876583
time: Sun Dec  8 23:08:17 2019, step: 500, loss: 0.0022681159898638725
time: Sun Dec  8 23:10:15 2019, step: 600, loss: 0.001339101349003613
Finished 608 steps training at Sun Dec  8 23:10:23 2019

=========eval at epoch=13=========
Micro avg results:
total number of example:77832
total tp:2469
total proposed (tp+fp):4372
total positive (tp+fn):3427
precision=0.5647
recall=0.7205
f1=0.6332
=======================
Training started at Sun Dec  8 23:10:45 2019
time: Sun Dec  8 23:10:47 2019, step: 0, loss: 0.005385085474699736
time: Sun Dec  8 23:12:36 2019, step: 100, loss: 0.00475888978689909
time: Sun Dec  8 23:14:35 2019, step: 200, loss: 0.001529640518128872
time: Sun Dec  8 23:16:34 2019, step: 300, loss: 0.007585194893181324
time: Sun Dec  8 23:18:25 2019, step: 400, loss: 0.007957661524415016
time: Sun Dec  8 23:20:21 2019, step: 500, loss: 0.05887516587972641
time: Sun Dec  8 23:22:22 2019, step: 600, loss: 0.00010654547804733738
Finished 608 steps training at Sun Dec  8 23:22:30 2019

=========eval at epoch=14=========
Micro avg results:
total number of example:77832
total tp:2433
total proposed (tp+fp):3267
total positive (tp+fn):3427
precision=0.7447
recall=0.7100
f1=0.7269
=======================
Training started at Sun Dec  8 23:22:52 2019
time: Sun Dec  8 23:22:53 2019, step: 0, loss: 0.0005164818139746785
time: Sun Dec  8 23:24:47 2019, step: 100, loss: 0.002812514081597328
time: Sun Dec  8 23:26:34 2019, step: 200, loss: 0.0009271685848943889
time: Sun Dec  8 23:28:34 2019, step: 300, loss: 0.0009584462968632579
time: Sun Dec  8 23:30:24 2019, step: 400, loss: 0.018184585496783257
time: Sun Dec  8 23:32:24 2019, step: 500, loss: 0.0034161596558988094
time: Sun Dec  8 23:34:27 2019, step: 600, loss: 0.00019555013568606228
Finished 608 steps training at Sun Dec  8 23:34:36 2019

=========eval at epoch=15=========
Micro avg results:
total number of example:77832
total tp:2349
total proposed (tp+fp):4447
total positive (tp+fn):3427
precision=0.5282
recall=0.6854
f1=0.5966
=======================
Training started at Sun Dec  8 23:34:58 2019
time: Sun Dec  8 23:34:59 2019, step: 0, loss: 0.003730175318196416
time: Sun Dec  8 23:36:54 2019, step: 100, loss: 0.0008406660053879023
time: Sun Dec  8 23:38:46 2019, step: 200, loss: 0.016635170206427574
time: Sun Dec  8 23:40:46 2019, step: 300, loss: 0.020889796316623688
time: Sun Dec  8 23:42:38 2019, step: 400, loss: 0.01848805695772171
time: Sun Dec  8 23:44:28 2019, step: 500, loss: 0.01362566277384758
time: Sun Dec  8 23:46:30 2019, step: 600, loss: 0.0005570852663367987
Finished 608 steps training at Sun Dec  8 23:46:40 2019

=========eval at epoch=16=========
Micro avg results:
total number of example:77832
total tp:2394
total proposed (tp+fp):3598
total positive (tp+fn):3427
precision=0.6654
recall=0.6986
f1=0.6816
=======================
Training started at Sun Dec  8 23:47:01 2019
time: Sun Dec  8 23:47:03 2019, step: 0, loss: 0.014523585326969624
time: Sun Dec  8 23:49:00 2019, step: 100, loss: 0.013798083178699017
time: Sun Dec  8 23:51:02 2019, step: 200, loss: 0.00030574548873119056
time: Sun Dec  8 23:52:52 2019, step: 300, loss: 0.004232766572386026
time: Sun Dec  8 23:54:45 2019, step: 400, loss: 6.279988883761689e-05
time: Sun Dec  8 23:56:38 2019, step: 500, loss: 0.016322743147611618
time: Sun Dec  8 23:58:38 2019, step: 600, loss: 0.00667403731495142
Finished 608 steps training at Sun Dec  8 23:58:47 2019

=========eval at epoch=17=========
Micro avg results:
total number of example:77832
total tp:2037
total proposed (tp+fp):2732
total positive (tp+fn):3427
precision=0.7456
recall=0.5944
f1=0.6615
=======================
Training started at Sun Dec  8 23:59:09 2019
time: Sun Dec  8 23:59:10 2019, step: 0, loss: 0.08620000630617142
time: Mon Dec  9 00:01:09 2019, step: 100, loss: 0.002905856352299452
time: Mon Dec  9 00:03:11 2019, step: 200, loss: 0.051088541746139526
time: Mon Dec  9 00:05:07 2019, step: 300, loss: 0.0010205137077718973
time: Mon Dec  9 00:06:57 2019, step: 400, loss: 0.0006614712183363736
time: Mon Dec  9 00:08:54 2019, step: 500, loss: 0.0004133812908548862
time: Mon Dec  9 00:10:45 2019, step: 600, loss: 2.280337139382027e-05
Finished 608 steps training at Mon Dec  9 00:10:55 2019

=========eval at epoch=18=========
Micro avg results:
total number of example:77832
total tp:2388
total proposed (tp+fp):3124
total positive (tp+fn):3427
precision=0.7644
recall=0.6968
f1=0.7290
=======================
Training started at Mon Dec  9 00:11:16 2019
time: Mon Dec  9 00:11:17 2019, step: 0, loss: 0.0006320404936559498
time: Mon Dec  9 00:13:17 2019, step: 100, loss: 0.005512741394340992
time: Mon Dec  9 00:15:15 2019, step: 200, loss: 0.06312159448862076
time: Mon Dec  9 00:17:08 2019, step: 300, loss: 0.0005870637251064181
time: Mon Dec  9 00:19:07 2019, step: 400, loss: 0.014315441250801086
time: Mon Dec  9 00:21:05 2019, step: 500, loss: 0.008037613704800606
time: Mon Dec  9 00:22:58 2019, step: 600, loss: 0.00038298562867566943
Finished 608 steps training at Mon Dec  9 00:23:06 2019

=========eval at epoch=19=========
Micro avg results:
total number of example:77832
total tp:2217
total proposed (tp+fp):2655
total positive (tp+fn):3427
precision=0.8350
recall=0.6469
f1=0.7290
=======================
Training started at Mon Dec  9 00:23:27 2019
time: Mon Dec  9 00:23:28 2019, step: 0, loss: 0.00028220340027473867
time: Mon Dec  9 00:25:20 2019, step: 100, loss: 0.00033811706816777587
time: Mon Dec  9 00:27:13 2019, step: 200, loss: 0.00758268591016531
time: Mon Dec  9 00:29:13 2019, step: 300, loss: 0.007306382525712252
time: Mon Dec  9 00:31:09 2019, step: 400, loss: 0.0035080851521342993
time: Mon Dec  9 00:33:02 2019, step: 500, loss: 0.013276185840368271
time: Mon Dec  9 00:35:03 2019, step: 600, loss: 0.0002469701285008341
Finished 608 steps training at Mon Dec  9 00:35:10 2019

=========eval at epoch=20=========
Micro avg results:
total number of example:77832
total tp:2318
total proposed (tp+fp):3048
total positive (tp+fn):3427
precision=0.7605
recall=0.6764
f1=0.7160
weights were saved to /data/s2071932/BertNER/cbp04/temp20.pt
=======================
Training started at Mon Dec  9 00:35:34 2019
time: Mon Dec  9 00:35:35 2019, step: 0, loss: 0.00996799860149622
time: Mon Dec  9 00:37:24 2019, step: 100, loss: 0.00017546588787809014
time: Mon Dec  9 00:39:26 2019, step: 200, loss: 0.0010171356843784451
time: Mon Dec  9 00:41:22 2019, step: 300, loss: 0.0028223467525094748
time: Mon Dec  9 00:43:13 2019, step: 400, loss: 0.00022761513537261635
time: Mon Dec  9 00:45:09 2019, step: 500, loss: 0.0003705124545376748
time: Mon Dec  9 00:47:08 2019, step: 600, loss: 0.03210424259305
Finished 608 steps training at Mon Dec  9 00:47:15 2019

=========eval at epoch=21=========
Micro avg results:
total number of example:77832
total tp:2243
total proposed (tp+fp):3293
total positive (tp+fn):3427
precision=0.6811
recall=0.6545
f1=0.6676
=======================
Training started at Mon Dec  9 00:47:36 2019
time: Mon Dec  9 00:47:38 2019, step: 0, loss: 0.0004108901193831116
time: Mon Dec  9 00:49:35 2019, step: 100, loss: 0.03308573365211487
time: Mon Dec  9 00:51:37 2019, step: 200, loss: 0.0009079803712666035
time: Mon Dec  9 00:53:29 2019, step: 300, loss: 0.0010898630134761333
time: Mon Dec  9 00:55:20 2019, step: 400, loss: 0.0020745196379721165
time: Mon Dec  9 00:57:12 2019, step: 500, loss: 0.00026105711003765464
time: Mon Dec  9 00:59:07 2019, step: 600, loss: 0.009842008352279663
Finished 608 steps training at Mon Dec  9 00:59:15 2019

=========eval at epoch=22=========
Micro avg results:
total number of example:77832
total tp:2411
total proposed (tp+fp):3185
total positive (tp+fn):3427
precision=0.7570
recall=0.7035
f1=0.7293
=======================
Training started at Mon Dec  9 00:59:36 2019
time: Mon Dec  9 00:59:38 2019, step: 0, loss: 0.00013508919801097363
time: Mon Dec  9 01:01:34 2019, step: 100, loss: 0.00023890870215836912
time: Mon Dec  9 01:03:34 2019, step: 200, loss: 0.00023183741723187268
time: Mon Dec  9 01:05:25 2019, step: 300, loss: 6.847154872957617e-05
time: Mon Dec  9 01:07:13 2019, step: 400, loss: 0.013698671013116837
time: Mon Dec  9 01:09:12 2019, step: 500, loss: 0.028357503935694695
time: Mon Dec  9 01:11:10 2019, step: 600, loss: 0.001986702671274543
Finished 608 steps training at Mon Dec  9 01:11:20 2019

=========eval at epoch=23=========
Micro avg results:
total number of example:77832
total tp:2481
total proposed (tp+fp):3983
total positive (tp+fn):3427
precision=0.6229
recall=0.7240
f1=0.6696
=======================
Training started at Mon Dec  9 01:11:41 2019
time: Mon Dec  9 01:11:42 2019, step: 0, loss: 0.00035105537972413003
time: Mon Dec  9 01:13:32 2019, step: 100, loss: 0.0005228961235843599
time: Mon Dec  9 01:15:25 2019, step: 200, loss: 7.723418093519285e-05
time: Mon Dec  9 01:17:27 2019, step: 300, loss: 0.00014438244397751987
time: Mon Dec  9 01:19:20 2019, step: 400, loss: 0.0017229674849659204
time: Mon Dec  9 01:21:20 2019, step: 500, loss: 0.0004302937304601073
time: Mon Dec  9 01:23:16 2019, step: 600, loss: 8.560727292206138e-05
Finished 608 steps training at Mon Dec  9 01:23:24 2019

=========eval at epoch=24=========
Micro avg results:
total number of example:77832
total tp:2298
total proposed (tp+fp):2935
total positive (tp+fn):3427
precision=0.7830
recall=0.6706
f1=0.7224
=======================
Training started at Mon Dec  9 01:23:45 2019
time: Mon Dec  9 01:23:47 2019, step: 0, loss: 0.0011491989716887474
time: Mon Dec  9 01:25:45 2019, step: 100, loss: 0.00013216414663475007
time: Mon Dec  9 01:27:42 2019, step: 200, loss: 0.001388290780596435
time: Mon Dec  9 01:29:37 2019, step: 300, loss: 0.0005640439339913428
time: Mon Dec  9 01:31:34 2019, step: 400, loss: 0.0017349154222756624
time: Mon Dec  9 01:33:28 2019, step: 500, loss: 0.00584247475489974
time: Mon Dec  9 01:35:19 2019, step: 600, loss: 0.03310328349471092
Finished 608 steps training at Mon Dec  9 01:35:29 2019

=========eval at epoch=25=========
Micro avg results:
total number of example:77832
total tp:2260
total proposed (tp+fp):3912
total positive (tp+fn):3427
precision=0.5777
recall=0.6595
f1=0.6159
=======================
Training started at Mon Dec  9 01:35:50 2019
time: Mon Dec  9 01:35:51 2019, step: 0, loss: 0.000730327854398638
time: Mon Dec  9 01:37:44 2019, step: 100, loss: 0.0014290940016508102
time: Mon Dec  9 01:39:39 2019, step: 200, loss: 0.0005758996121585369
time: Mon Dec  9 01:41:31 2019, step: 300, loss: 0.00027411687187850475
time: Mon Dec  9 01:43:22 2019, step: 400, loss: 0.0015160730108618736
time: Mon Dec  9 01:45:18 2019, step: 500, loss: 0.00019392471585888416
time: Mon Dec  9 01:47:14 2019, step: 600, loss: 0.0017063512932509184
Finished 608 steps training at Mon Dec  9 01:47:23 2019

=========eval at epoch=26=========
Micro avg results:
total number of example:77832
total tp:2296
total proposed (tp+fp):3357
total positive (tp+fn):3427
precision=0.6839
recall=0.6700
f1=0.6769
=======================
Training started at Mon Dec  9 01:47:44 2019
time: Mon Dec  9 01:47:46 2019, step: 0, loss: 0.004439787473529577
time: Mon Dec  9 01:49:41 2019, step: 100, loss: 0.0023571690544486046
time: Mon Dec  9 01:51:43 2019, step: 200, loss: 0.010655130259692669
time: Mon Dec  9 01:53:40 2019, step: 300, loss: 0.00020232985843904316
time: Mon Dec  9 01:55:35 2019, step: 400, loss: 0.0001573609042679891
time: Mon Dec  9 01:57:28 2019, step: 500, loss: 0.0024116691201925278
time: Mon Dec  9 01:59:27 2019, step: 600, loss: 0.020913125947117805
Finished 608 steps training at Mon Dec  9 01:59:36 2019

=========eval at epoch=27=========
Micro avg results:
total number of example:77832
total tp:2151
total proposed (tp+fp):2647
total positive (tp+fn):3427
precision=0.8126
recall=0.6277
f1=0.7083
=======================
Training started at Mon Dec  9 01:59:57 2019
time: Mon Dec  9 01:59:59 2019, step: 0, loss: 0.007282785139977932
time: Mon Dec  9 02:01:57 2019, step: 100, loss: 5.002034959034063e-05
time: Mon Dec  9 02:03:51 2019, step: 200, loss: 0.00020675537234637886
time: Mon Dec  9 02:05:49 2019, step: 300, loss: 0.00026228243950754404
time: Mon Dec  9 02:07:50 2019, step: 400, loss: 0.00024691372527740896
time: Mon Dec  9 02:09:44 2019, step: 500, loss: 6.137862510513514e-05
time: Mon Dec  9 02:11:38 2019, step: 600, loss: 0.01849442347884178
Finished 608 steps training at Mon Dec  9 02:11:47 2019

=========eval at epoch=28=========
Micro avg results:
total number of example:77832
total tp:2311
total proposed (tp+fp):3125
total positive (tp+fn):3427
precision=0.7395
recall=0.6744
f1=0.7054
=======================
Training started at Mon Dec  9 02:12:08 2019
time: Mon Dec  9 02:12:09 2019, step: 0, loss: 0.00013441455666907132
time: Mon Dec  9 02:14:04 2019, step: 100, loss: 0.01647346466779709
time: Mon Dec  9 02:15:57 2019, step: 200, loss: 0.011600933037698269
time: Mon Dec  9 02:17:47 2019, step: 300, loss: 0.001048391219228506
time: Mon Dec  9 02:19:42 2019, step: 400, loss: 0.015712397173047066
time: Mon Dec  9 02:21:38 2019, step: 500, loss: 0.0013954215683043003
time: Mon Dec  9 02:23:34 2019, step: 600, loss: 0.0001896034664241597
Finished 608 steps training at Mon Dec  9 02:23:42 2019

=========eval at epoch=29=========
Micro avg results:
total number of example:77832
total tp:2305
total proposed (tp+fp):3090
total positive (tp+fn):3427
precision=0.7460
recall=0.6726
f1=0.7074
=======================
Training started at Mon Dec  9 02:24:03 2019
time: Mon Dec  9 02:24:05 2019, step: 0, loss: 0.0001455304300179705
time: Mon Dec  9 02:25:59 2019, step: 100, loss: 0.003925648983567953
time: Mon Dec  9 02:27:48 2019, step: 200, loss: 0.0381326749920845
time: Mon Dec  9 02:29:45 2019, step: 300, loss: 0.004033874720335007
time: Mon Dec  9 02:31:41 2019, step: 400, loss: 0.001331865438260138
time: Mon Dec  9 02:33:36 2019, step: 500, loss: 0.00011698320304276422
time: Mon Dec  9 02:35:36 2019, step: 600, loss: 0.0038295737467706203
Finished 608 steps training at Mon Dec  9 02:35:43 2019

=========eval at epoch=30=========
Micro avg results:
total number of example:77832
total tp:2395
total proposed (tp+fp):3292
total positive (tp+fn):3427
precision=0.7275
recall=0.6989
f1=0.7129
=======================
Training started at Mon Dec  9 02:36:04 2019
time: Mon Dec  9 02:36:05 2019, step: 0, loss: 0.00013392111577559263
time: Mon Dec  9 02:38:01 2019, step: 100, loss: 0.00012783736747223884
time: Mon Dec  9 02:39:57 2019, step: 200, loss: 9.590511035639793e-05
time: Mon Dec  9 02:41:55 2019, step: 300, loss: 0.007072274573147297
time: Mon Dec  9 02:43:52 2019, step: 400, loss: 0.0006537525332532823
time: Mon Dec  9 02:45:47 2019, step: 500, loss: 0.00015488005010411143
time: Mon Dec  9 02:47:41 2019, step: 600, loss: 0.00010755095718195662
Finished 608 steps training at Mon Dec  9 02:47:49 2019

=========eval at epoch=31=========
Micro avg results:
total number of example:77832
total tp:2249
total proposed (tp+fp):2899
total positive (tp+fn):3427
precision=0.7758
recall=0.6563
f1=0.7110
=======================
Training started at Mon Dec  9 02:48:10 2019
time: Mon Dec  9 02:48:12 2019, step: 0, loss: 0.00012565613724291325
time: Mon Dec  9 02:50:06 2019, step: 100, loss: 0.031210578978061676
time: Mon Dec  9 02:52:06 2019, step: 200, loss: 0.01409487146884203
time: Mon Dec  9 02:54:01 2019, step: 300, loss: 0.00012133262498537078
time: Mon Dec  9 02:55:54 2019, step: 400, loss: 0.00035417205072008073
time: Mon Dec  9 02:57:51 2019, step: 500, loss: 0.0009703374234959483
time: Mon Dec  9 02:59:48 2019, step: 600, loss: 0.0010164808481931686
Finished 608 steps training at Mon Dec  9 02:59:55 2019

=========eval at epoch=32=========
Micro avg results:
total number of example:77832
total tp:2168
total proposed (tp+fp):2630
total positive (tp+fn):3427
precision=0.8243
recall=0.6326
f1=0.7159
=======================
Training started at Mon Dec  9 03:00:16 2019
time: Mon Dec  9 03:00:17 2019, step: 0, loss: 0.00011313762661302462
time: Mon Dec  9 03:02:11 2019, step: 100, loss: 9.65564904618077e-05
time: Mon Dec  9 03:04:09 2019, step: 200, loss: 0.0005860458477400243
time: Mon Dec  9 03:06:00 2019, step: 300, loss: 0.007917674258351326
time: Mon Dec  9 03:07:57 2019, step: 400, loss: 0.038937389850616455
time: Mon Dec  9 03:09:51 2019, step: 500, loss: 0.008545883931219578
time: Mon Dec  9 03:11:42 2019, step: 600, loss: 0.0002610678202472627
Finished 608 steps training at Mon Dec  9 03:11:52 2019

=========eval at epoch=33=========
Micro avg results:
total number of example:77832
total tp:2466
total proposed (tp+fp):3719
total positive (tp+fn):3427
precision=0.6631
recall=0.7196
f1=0.6902
=======================
Training started at Mon Dec  9 03:12:13 2019
time: Mon Dec  9 03:12:15 2019, step: 0, loss: 0.009448805823922157
time: Mon Dec  9 03:14:14 2019, step: 100, loss: 6.144198414403945e-05
time: Mon Dec  9 03:16:13 2019, step: 200, loss: 0.0165150985121727
time: Mon Dec  9 03:18:05 2019, step: 300, loss: 0.0071829454973340034
time: Mon Dec  9 03:19:52 2019, step: 400, loss: 0.006716451141983271
time: Mon Dec  9 03:21:51 2019, step: 500, loss: 2.4074897737591527e-05
time: Mon Dec  9 03:23:48 2019, step: 600, loss: 0.000255857827141881
Finished 608 steps training at Mon Dec  9 03:23:55 2019

=========eval at epoch=34=========
Micro avg results:
total number of example:77832
total tp:2245
total proposed (tp+fp):2767
total positive (tp+fn):3427
precision=0.8113
recall=0.6551
f1=0.7249
=======================
Training started at Mon Dec  9 03:24:16 2019
time: Mon Dec  9 03:24:18 2019, step: 0, loss: 0.00012403236178215593
time: Mon Dec  9 03:26:12 2019, step: 100, loss: 0.009395367465913296
time: Mon Dec  9 03:28:08 2019, step: 200, loss: 0.00040472892578691244
time: Mon Dec  9 03:30:02 2019, step: 300, loss: 0.003917645197361708
time: Mon Dec  9 03:31:58 2019, step: 400, loss: 5.0743812607834116e-05
time: Mon Dec  9 03:33:56 2019, step: 500, loss: 0.0027551199309527874
time: Mon Dec  9 03:35:50 2019, step: 600, loss: 0.0027645830996334553
Finished 608 steps training at Mon Dec  9 03:35:57 2019

=========eval at epoch=35=========
Micro avg results:
total number of example:77832
total tp:2350
total proposed (tp+fp):2871
total positive (tp+fn):3427
precision=0.8185
recall=0.6857
f1=0.7463
=======================
Training started at Mon Dec  9 03:36:18 2019
time: Mon Dec  9 03:36:20 2019, step: 0, loss: 0.006726703140884638
time: Mon Dec  9 03:38:12 2019, step: 100, loss: 0.00011850693408632651
time: Mon Dec  9 03:40:10 2019, step: 200, loss: 0.015857523307204247
time: Mon Dec  9 03:42:06 2019, step: 300, loss: 7.10701133357361e-05
time: Mon Dec  9 03:44:00 2019, step: 400, loss: 0.0015359135577455163
time: Mon Dec  9 03:45:55 2019, step: 500, loss: 0.017793580889701843
time: Mon Dec  9 03:48:00 2019, step: 600, loss: 0.0005820180522277951
Finished 608 steps training at Mon Dec  9 03:48:08 2019

=========eval at epoch=36=========
Micro avg results:
total number of example:77832
total tp:2191
total proposed (tp+fp):2655
total positive (tp+fn):3427
precision=0.8252
recall=0.6393
f1=0.7205
=======================
Training started at Mon Dec  9 03:48:30 2019
time: Mon Dec  9 03:48:31 2019, step: 0, loss: 0.002404640195891261
time: Mon Dec  9 03:50:27 2019, step: 100, loss: 0.000290377764031291
time: Mon Dec  9 03:52:30 2019, step: 200, loss: 0.006589595228433609
time: Mon Dec  9 03:54:23 2019, step: 300, loss: 8.954958320828155e-05
time: Mon Dec  9 03:56:10 2019, step: 400, loss: 0.0059969741851091385
time: Mon Dec  9 03:58:13 2019, step: 500, loss: 0.011834565550088882
time: Mon Dec  9 04:00:04 2019, step: 600, loss: 2.840866000042297e-05
Finished 608 steps training at Mon Dec  9 04:00:15 2019

=========eval at epoch=37=========
Micro avg results:
total number of example:77832
total tp:2250
total proposed (tp+fp):3026
total positive (tp+fn):3427
precision=0.7436
recall=0.6566
f1=0.6974
=======================
Training started at Mon Dec  9 04:00:36 2019
time: Mon Dec  9 04:00:38 2019, step: 0, loss: 8.226252248277888e-05
time: Mon Dec  9 04:02:30 2019, step: 100, loss: 0.01823575422167778
time: Mon Dec  9 04:04:27 2019, step: 200, loss: 0.002968417014926672
time: Mon Dec  9 04:06:29 2019, step: 300, loss: 0.00030239744228310883
time: Mon Dec  9 04:08:18 2019, step: 400, loss: 0.008128837682306767
time: Mon Dec  9 04:10:17 2019, step: 500, loss: 0.0004547221469692886
time: Mon Dec  9 04:12:14 2019, step: 600, loss: 0.000364190578693524
Finished 608 steps training at Mon Dec  9 04:12:23 2019

=========eval at epoch=38=========
Micro avg results:
total number of example:77832
total tp:2284
total proposed (tp+fp):2996
total positive (tp+fn):3427
precision=0.7623
recall=0.6665
f1=0.7112
=======================
Training started at Mon Dec  9 04:12:44 2019
time: Mon Dec  9 04:12:46 2019, step: 0, loss: 0.00576394097879529
time: Mon Dec  9 04:14:40 2019, step: 100, loss: 7.47194280847907e-05
time: Mon Dec  9 04:16:43 2019, step: 200, loss: 0.0018625104567036033
time: Mon Dec  9 04:18:31 2019, step: 300, loss: 0.0003647769626695663
time: Mon Dec  9 04:20:31 2019, step: 400, loss: 0.0027911218348890543
time: Mon Dec  9 04:22:29 2019, step: 500, loss: 6.801323615945876e-05
time: Mon Dec  9 04:24:20 2019, step: 600, loss: 0.0012591222766786814
Finished 608 steps training at Mon Dec  9 04:24:28 2019

=========eval at epoch=39=========
Micro avg results:
total number of example:77832
total tp:2383
total proposed (tp+fp):3528
total positive (tp+fn):3427
precision=0.6755
recall=0.6954
f1=0.6853
=======================
Training started at Mon Dec  9 04:24:49 2019
time: Mon Dec  9 04:24:51 2019, step: 0, loss: 0.00019566380069591105
time: Mon Dec  9 04:26:48 2019, step: 100, loss: 5.512866846402176e-05
time: Mon Dec  9 04:28:44 2019, step: 200, loss: 0.002612996380776167
time: Mon Dec  9 04:30:40 2019, step: 300, loss: 5.795775359729305e-05
time: Mon Dec  9 04:32:29 2019, step: 400, loss: 0.0007075044559314847
time: Mon Dec  9 04:34:24 2019, step: 500, loss: 0.0014572127256542444
time: Mon Dec  9 04:36:19 2019, step: 600, loss: 0.0006618604529649019
Finished 608 steps training at Mon Dec  9 04:36:28 2019

=========eval at epoch=40=========
Micro avg results:
total number of example:77832
total tp:2137
total proposed (tp+fp):2722
total positive (tp+fn):3427
precision=0.7851
recall=0.6236
f1=0.6951
=========Testing on best model=========
             precision    recall  f1-score   support

    protein       0.56      0.46      0.50       470
    disease       0.44      0.55      0.49       177
       gene       0.05      0.19      0.08        26

avg / total       0.51      0.47      0.48       673

Micro avg results:
total number of example:56178
total tp:2349
total proposed (tp+fp):3379
total positive (tp+fn):4161
precision=0.6952
recall=0.5645
f1=0.6231
=======================

